<?xml version="1.0" encoding="UTF-8"?>
<!-- Generated by org.testng.reporters.JUnitXMLReporter -->
<testsuite hostname="441SN13" ignored="0" name="Test" tests="14" failures="0" timestamp="2021-05-30T20:54:06 IST" time="353.257" errors="0">
  <testcase name="login" time="24.609" classname="one.globalenglish.testCases.TC_LoginTestDDT_002"/>
  <testcase name="login" time="19.874" classname="one.globalenglish.testCases.TC_LoginTestDDT_002"/>
  <testcase name="login" time="22.392" classname="one.globalenglish.testCases.TC_LoginTestDDT_002"/>
  <testcase name="login" time="22.755" classname="one.globalenglish.testCases.TC_LoginTestDDT_002"/>
  <testcase name="accent" time="24.142" classname="one.globalenglish.testCases.TC_Accent_003"/>
  <testcase name="Cultures" time="28.812" classname="one.globalenglish.testCases.TC_Culture_004"/>
  <testcase name="EmailTempValidation" time="18.836" classname="one.globalenglish.testCases.TC_EmailTemplate_005"/>
  <testcase name="NewsFeedValidation1" time="35.14" classname="one.globalenglish.testCases.TC_NewsFeed_006"/>
  <testcase name="GCTutorial" time="37.773" classname="one.globalenglish.testCases.TC_GCTutorial_012"/>
  <testcase name="GCTutorial1" time="1.769" classname="one.globalenglish.testCases.TC_GCTutorial_012"/>
  <testcase name="ProfileValidation" time="17.345" classname="one.globalenglish.testCases.TC_Profile_007"/>
  <testcase name="response" time="26.962" classname="one.globalenglish.testCases.TC_Stress_008"/>
  <testcase name="OpenProgresslinks" time="19.736" classname="one.globalenglish.testCases.TC_Progress_009"/>
  <testcase name="HomeLinks" time="13.736" classname="one.globalenglish.testCases.TC_Home_011"/>
</testsuite> <!-- Test -->
