<?xml version="1.0" encoding="UTF-8"?>
<!-- Generated by org.testng.reporters.JUnitXMLReporter -->
<testsuite hostname="441SN13" ignored="0" name="Test" tests="7" failures="0" timestamp="2021-03-21T23:21:30 IST" time="155.903" errors="0">
  <testcase name="accent" time="20.572" classname="one.globalenglish.testCases.TC_Accent_003"/>
  <testcase name="Cultures" time="28.527" classname="one.globalenglish.testCases.TC_Culture_004"/>
  <testcase name="EmailTempValidation" time="16.785" classname="one.globalenglish.testCases.TC_EmailTemplate_005"/>
  <testcase name="NewsFeedValidation1" time="15.488" classname="one.globalenglish.testCases.TC_NewsFeed_006"/>
  <testcase name="SystemCheckValidation" time="13.343" classname="one.globalenglish.testCases.TC_SystemCheck_010"/>
  <testcase name="GCTutorial" time="32.709" classname="one.globalenglish.testCases.TC_GCTutorial_012"/>
  <testcase name="GCTutorial1" time="4.199" classname="one.globalenglish.testCases.TC_GCTutorial_012"/>
</testsuite> <!-- Test -->
