<?xml version="1.0" encoding="UTF-8"?>
<!-- Generated by org.testng.reporters.JUnitXMLReporter -->
<testsuite hostname="441SN13" ignored="0" name="Test" tests="14" failures="0" timestamp="2021-06-06T21:20:25 IST" time="313.594" errors="0">
  <testcase name="login" time="24.178" classname="one.globalenglish.testCases.TC_LoginTestDDT_002"/>
  <testcase name="login" time="21.276" classname="one.globalenglish.testCases.TC_LoginTestDDT_002"/>
  <testcase name="login" time="20.252" classname="one.globalenglish.testCases.TC_LoginTestDDT_002"/>
  <testcase name="login" time="18.495" classname="one.globalenglish.testCases.TC_LoginTestDDT_002"/>
  <testcase name="accent" time="17.402" classname="one.globalenglish.testCases.TC_Accent_003"/>
  <testcase name="Cultures" time="26.557" classname="one.globalenglish.testCases.TC_Culture_004"/>
  <testcase name="EmailTempValidation" time="12.949" classname="one.globalenglish.testCases.TC_EmailTemplate_005"/>
  <testcase name="NewsFeedValidation1" time="15.198" classname="one.globalenglish.testCases.TC_NewsFeed_006"/>
  <testcase name="GCTutorial" time="30.777" classname="one.globalenglish.testCases.TC_GCTutorial_012"/>
  <testcase name="GCTutorial1" time="3.454" classname="one.globalenglish.testCases.TC_GCTutorial_012"/>
  <testcase name="ProfileValidation" time="17.023" classname="one.globalenglish.testCases.TC_Profile_007"/>
  <testcase name="response" time="32.779" classname="one.globalenglish.testCases.TC_Stress_008"/>
  <testcase name="OpenProgresslinks" time="15.994" classname="one.globalenglish.testCases.TC_Progress_009"/>
  <testcase name="HomeLinks" time="13.717" classname="one.globalenglish.testCases.TC_Home_011"/>
</testsuite> <!-- Test -->
