<?xml version="1.0" encoding="UTF-8"?>
<testng-results skipped="0" failed="0" ignored="0" total="7" passed="7">
  <reporter-output>
  </reporter-output>
  <suite name="Suite" duration-ms="155903" started-at="2021-03-21T23:18:54 IST" finished-at="2021-03-21T23:21:30 IST">
    <groups>
    </groups>
    <test name="Test" duration-ms="155903" started-at="2021-03-21T23:18:54 IST" finished-at="2021-03-21T23:21:30 IST">
      <class name="one.globalenglish.testCases.TC_Accent_003">
        <test-method status="PASS" signature="setup(java.lang.String)[pri:0, instance:one.globalenglish.testCases.TC_Accent_003@1794d431]" name="setup" is-config="true" duration-ms="4639" started-at="2021-03-21T23:18:54 IST" finished-at="2021-03-21T23:18:59 IST">
          <params>
            <param index="0">
              <value>
                <![CDATA[chrome]]>
              </value>
            </param>
          </params>
          <reporter-output>
          </reporter-output>
        </test-method> <!-- setup -->
        <test-method status="PASS" signature="accent()[pri:0, instance:one.globalenglish.testCases.TC_Accent_003@1794d431]" name="accent" duration-ms="20572" started-at="2021-03-21T23:18:59 IST" finished-at="2021-03-21T23:19:19 IST">
          <reporter-output>
          </reporter-output>
        </test-method> <!-- accent -->
        <test-method status="PASS" signature="close()[pri:0, instance:one.globalenglish.testCases.TC_Accent_003@1794d431]" name="close" is-config="true" duration-ms="745" started-at="2021-03-21T23:19:19 IST" finished-at="2021-03-21T23:19:20 IST">
          <reporter-output>
          </reporter-output>
        </test-method> <!-- close -->
      </class> <!-- one.globalenglish.testCases.TC_Accent_003 -->
      <class name="one.globalenglish.testCases.TC_GCTutorial_012">
        <test-method status="PASS" signature="setup(java.lang.String)[pri:0, instance:one.globalenglish.testCases.TC_GCTutorial_012@5442a311]" name="setup" is-config="true" duration-ms="2896" started-at="2021-03-21T23:20:49 IST" finished-at="2021-03-21T23:20:52 IST">
          <params>
            <param index="0">
              <value>
                <![CDATA[chrome]]>
              </value>
            </param>
          </params>
          <reporter-output>
          </reporter-output>
        </test-method> <!-- setup -->
        <test-method status="PASS" signature="GCTutorial()[pri:0, instance:one.globalenglish.testCases.TC_GCTutorial_012@5442a311]" name="GCTutorial" duration-ms="32709" started-at="2021-03-21T23:20:52 IST" finished-at="2021-03-21T23:21:25 IST">
          <reporter-output>
          </reporter-output>
        </test-method> <!-- GCTutorial -->
        <test-method status="PASS" signature="GCTutorial1()[pri:0, instance:one.globalenglish.testCases.TC_GCTutorial_012@5442a311]" name="GCTutorial1" duration-ms="4199" started-at="2021-03-21T23:21:25 IST" finished-at="2021-03-21T23:21:29 IST">
          <reporter-output>
          </reporter-output>
        </test-method> <!-- GCTutorial1 -->
        <test-method status="PASS" signature="close()[pri:0, instance:one.globalenglish.testCases.TC_GCTutorial_012@5442a311]" name="close" is-config="true" duration-ms="838" started-at="2021-03-21T23:21:29 IST" finished-at="2021-03-21T23:21:30 IST">
          <reporter-output>
          </reporter-output>
        </test-method> <!-- close -->
      </class> <!-- one.globalenglish.testCases.TC_GCTutorial_012 -->
      <class name="one.globalenglish.testCases.TC_EmailTemplate_005">
        <test-method status="PASS" signature="setup(java.lang.String)[pri:0, instance:one.globalenglish.testCases.TC_EmailTemplate_005@57baeedf]" name="setup" is-config="true" duration-ms="3138" started-at="2021-03-21T23:19:52 IST" finished-at="2021-03-21T23:19:55 IST">
          <params>
            <param index="0">
              <value>
                <![CDATA[chrome]]>
              </value>
            </param>
          </params>
          <reporter-output>
          </reporter-output>
        </test-method> <!-- setup -->
        <test-method status="PASS" signature="EmailTempValidation()[pri:0, instance:one.globalenglish.testCases.TC_EmailTemplate_005@57baeedf]" name="EmailTempValidation" duration-ms="16785" started-at="2021-03-21T23:19:55 IST" finished-at="2021-03-21T23:20:12 IST">
          <reporter-output>
          </reporter-output>
        </test-method> <!-- EmailTempValidation -->
        <test-method status="PASS" signature="close()[pri:0, instance:one.globalenglish.testCases.TC_EmailTemplate_005@57baeedf]" name="close" is-config="true" duration-ms="804" started-at="2021-03-21T23:20:12 IST" finished-at="2021-03-21T23:20:13 IST">
          <reporter-output>
          </reporter-output>
        </test-method> <!-- close -->
      </class> <!-- one.globalenglish.testCases.TC_EmailTemplate_005 -->
      <class name="one.globalenglish.testCases.TC_NewsFeed_006">
        <test-method status="PASS" signature="setup(java.lang.String)[pri:0, instance:one.globalenglish.testCases.TC_NewsFeed_006@343f4d3d]" name="setup" is-config="true" duration-ms="2897" started-at="2021-03-21T23:20:13 IST" finished-at="2021-03-21T23:20:16 IST">
          <params>
            <param index="0">
              <value>
                <![CDATA[chrome]]>
              </value>
            </param>
          </params>
          <reporter-output>
          </reporter-output>
        </test-method> <!-- setup -->
        <test-method status="PASS" signature="NewsFeedValidation1()[pri:0, instance:one.globalenglish.testCases.TC_NewsFeed_006@343f4d3d]" name="NewsFeedValidation1" duration-ms="15488" started-at="2021-03-21T23:20:16 IST" finished-at="2021-03-21T23:20:31 IST">
          <reporter-output>
          </reporter-output>
        </test-method> <!-- NewsFeedValidation1 -->
        <test-method status="PASS" signature="close()[pri:0, instance:one.globalenglish.testCases.TC_NewsFeed_006@343f4d3d]" name="close" is-config="true" duration-ms="779" started-at="2021-03-21T23:20:31 IST" finished-at="2021-03-21T23:20:32 IST">
          <reporter-output>
          </reporter-output>
        </test-method> <!-- close -->
      </class> <!-- one.globalenglish.testCases.TC_NewsFeed_006 -->
      <class name="one.globalenglish.testCases.TC_Culture_004">
        <test-method status="PASS" signature="setup(java.lang.String)[pri:0, instance:one.globalenglish.testCases.TC_Culture_004@42e26948]" name="setup" is-config="true" duration-ms="2878" started-at="2021-03-21T23:19:20 IST" finished-at="2021-03-21T23:19:23 IST">
          <params>
            <param index="0">
              <value>
                <![CDATA[chrome]]>
              </value>
            </param>
          </params>
          <reporter-output>
          </reporter-output>
        </test-method> <!-- setup -->
        <test-method status="PASS" signature="Cultures()[pri:0, instance:one.globalenglish.testCases.TC_Culture_004@42e26948]" name="Cultures" duration-ms="28527" started-at="2021-03-21T23:19:23 IST" finished-at="2021-03-21T23:19:51 IST">
          <reporter-output>
          </reporter-output>
        </test-method> <!-- Cultures -->
        <test-method status="PASS" signature="close()[pri:0, instance:one.globalenglish.testCases.TC_Culture_004@42e26948]" name="close" is-config="true" duration-ms="763" started-at="2021-03-21T23:19:51 IST" finished-at="2021-03-21T23:19:52 IST">
          <reporter-output>
          </reporter-output>
        </test-method> <!-- close -->
      </class> <!-- one.globalenglish.testCases.TC_Culture_004 -->
      <class name="one.globalenglish.testCases.TC_SystemCheck_010">
        <test-method status="PASS" signature="setup(java.lang.String)[pri:0, instance:one.globalenglish.testCases.TC_SystemCheck_010@53b32d7]" name="setup" is-config="true" duration-ms="2799" started-at="2021-03-21T23:20:32 IST" finished-at="2021-03-21T23:20:35 IST">
          <params>
            <param index="0">
              <value>
                <![CDATA[chrome]]>
              </value>
            </param>
          </params>
          <reporter-output>
          </reporter-output>
        </test-method> <!-- setup -->
        <test-method status="PASS" signature="SystemCheckValidation()[pri:0, instance:one.globalenglish.testCases.TC_SystemCheck_010@53b32d7]" name="SystemCheckValidation" duration-ms="13343" started-at="2021-03-21T23:20:35 IST" finished-at="2021-03-21T23:20:48 IST">
          <reporter-output>
          </reporter-output>
        </test-method> <!-- SystemCheckValidation -->
        <test-method status="PASS" signature="close()[pri:0, instance:one.globalenglish.testCases.TC_SystemCheck_010@53b32d7]" name="close" is-config="true" duration-ms="853" started-at="2021-03-21T23:20:48 IST" finished-at="2021-03-21T23:20:49 IST">
          <reporter-output>
          </reporter-output>
        </test-method> <!-- close -->
      </class> <!-- one.globalenglish.testCases.TC_SystemCheck_010 -->
    </test> <!-- Test -->
  </suite> <!-- Suite -->
</testng-results>
