<?xml version="1.0" encoding="UTF-8"?>
<testng-results skipped="0" failed="0" ignored="0" total="14" passed="14">
  <reporter-output>
  </reporter-output>
  <suite name="Suite" duration-ms="313594" started-at="2021-06-06T21:15:11 IST" finished-at="2021-06-06T21:20:25 IST">
    <groups>
    </groups>
    <test name="Test" duration-ms="313594" started-at="2021-06-06T21:15:11 IST" finished-at="2021-06-06T21:20:25 IST">
      <class name="one.globalenglish.testCases.TC_Home_011">
        <test-method status="PASS" signature="setup(java.lang.String)[pri:0, instance:one.globalenglish.testCases.TC_Home_011@3c0ecd4b]" name="setup" is-config="true" duration-ms="2839" started-at="2021-06-06T21:20:07 IST" finished-at="2021-06-06T21:20:10 IST">
          <params>
            <param index="0">
              <value>
                <![CDATA[chrome]]>
              </value>
            </param>
          </params>
          <reporter-output>
          </reporter-output>
        </test-method> <!-- setup -->
        <test-method status="PASS" signature="HomeLinks()[pri:0, instance:one.globalenglish.testCases.TC_Home_011@3c0ecd4b]" name="HomeLinks" duration-ms="13717" started-at="2021-06-06T21:20:10 IST" finished-at="2021-06-06T21:20:24 IST">
          <reporter-output>
          </reporter-output>
        </test-method> <!-- HomeLinks -->
        <test-method status="PASS" signature="close()[pri:0, instance:one.globalenglish.testCases.TC_Home_011@3c0ecd4b]" name="close" is-config="true" duration-ms="886" started-at="2021-06-06T21:20:24 IST" finished-at="2021-06-06T21:20:25 IST">
          <reporter-output>
          </reporter-output>
        </test-method> <!-- close -->
      </class> <!-- one.globalenglish.testCases.TC_Home_011 -->
      <class name="one.globalenglish.testCases.TC_Progress_009">
        <test-method status="PASS" signature="setup(java.lang.String)[pri:0, instance:one.globalenglish.testCases.TC_Progress_009@598067a5]" name="setup" is-config="true" duration-ms="2895" started-at="2021-06-06T21:19:47 IST" finished-at="2021-06-06T21:19:50 IST">
          <params>
            <param index="0">
              <value>
                <![CDATA[chrome]]>
              </value>
            </param>
          </params>
          <reporter-output>
          </reporter-output>
        </test-method> <!-- setup -->
        <test-method status="PASS" signature="OpenProgresslinks()[pri:0, instance:one.globalenglish.testCases.TC_Progress_009@598067a5]" name="OpenProgresslinks" duration-ms="15994" started-at="2021-06-06T21:19:50 IST" finished-at="2021-06-06T21:20:06 IST">
          <reporter-output>
          </reporter-output>
        </test-method> <!-- OpenProgresslinks -->
        <test-method status="PASS" signature="close()[pri:0, instance:one.globalenglish.testCases.TC_Progress_009@598067a5]" name="close" is-config="true" duration-ms="864" started-at="2021-06-06T21:20:06 IST" finished-at="2021-06-06T21:20:07 IST">
          <reporter-output>
          </reporter-output>
        </test-method> <!-- close -->
      </class> <!-- one.globalenglish.testCases.TC_Progress_009 -->
      <class name="one.globalenglish.testCases.TC_GCTutorial_012">
        <test-method status="PASS" signature="setup(java.lang.String)[pri:0, instance:one.globalenglish.testCases.TC_GCTutorial_012@3abbfa04]" name="setup" is-config="true" duration-ms="2914" started-at="2021-06-06T21:18:10 IST" finished-at="2021-06-06T21:18:13 IST">
          <params>
            <param index="0">
              <value>
                <![CDATA[chrome]]>
              </value>
            </param>
          </params>
          <reporter-output>
          </reporter-output>
        </test-method> <!-- setup -->
        <test-method status="PASS" signature="GCTutorial()[pri:0, instance:one.globalenglish.testCases.TC_GCTutorial_012@3abbfa04]" name="GCTutorial" duration-ms="30777" started-at="2021-06-06T21:18:13 IST" finished-at="2021-06-06T21:18:44 IST">
          <reporter-output>
          </reporter-output>
        </test-method> <!-- GCTutorial -->
        <test-method status="PASS" signature="GCTutorial1()[pri:0, instance:one.globalenglish.testCases.TC_GCTutorial_012@3abbfa04]" name="GCTutorial1" duration-ms="3454" started-at="2021-06-06T21:18:44 IST" finished-at="2021-06-06T21:18:48 IST">
          <reporter-output>
          </reporter-output>
        </test-method> <!-- GCTutorial1 -->
        <test-method status="PASS" signature="close()[pri:0, instance:one.globalenglish.testCases.TC_GCTutorial_012@3abbfa04]" name="close" is-config="true" duration-ms="918" started-at="2021-06-06T21:18:48 IST" finished-at="2021-06-06T21:18:49 IST">
          <reporter-output>
          </reporter-output>
        </test-method> <!-- close -->
      </class> <!-- one.globalenglish.testCases.TC_GCTutorial_012 -->
      <class name="one.globalenglish.testCases.TC_Accent_003">
        <test-method status="PASS" signature="setup(java.lang.String)[pri:0, instance:one.globalenglish.testCases.TC_Accent_003@464bee09]" name="setup" is-config="true" duration-ms="3060" started-at="2021-06-06T21:16:42 IST" finished-at="2021-06-06T21:16:45 IST">
          <params>
            <param index="0">
              <value>
                <![CDATA[chrome]]>
              </value>
            </param>
          </params>
          <reporter-output>
          </reporter-output>
        </test-method> <!-- setup -->
        <test-method status="PASS" signature="accent()[pri:0, instance:one.globalenglish.testCases.TC_Accent_003@464bee09]" name="accent" duration-ms="17402" started-at="2021-06-06T21:16:45 IST" finished-at="2021-06-06T21:17:03 IST">
          <reporter-output>
          </reporter-output>
        </test-method> <!-- accent -->
        <test-method status="PASS" signature="close()[pri:0, instance:one.globalenglish.testCases.TC_Accent_003@464bee09]" name="close" is-config="true" duration-ms="862" started-at="2021-06-06T21:17:03 IST" finished-at="2021-06-06T21:17:04 IST">
          <reporter-output>
          </reporter-output>
        </test-method> <!-- close -->
      </class> <!-- one.globalenglish.testCases.TC_Accent_003 -->
      <class name="one.globalenglish.testCases.TC_EmailTemplate_005">
        <test-method status="PASS" signature="setup(java.lang.String)[pri:0, instance:one.globalenglish.testCases.TC_EmailTemplate_005@13deb50e]" name="setup" is-config="true" duration-ms="3279" started-at="2021-06-06T21:17:34 IST" finished-at="2021-06-06T21:17:37 IST">
          <params>
            <param index="0">
              <value>
                <![CDATA[chrome]]>
              </value>
            </param>
          </params>
          <reporter-output>
          </reporter-output>
        </test-method> <!-- setup -->
        <test-method status="PASS" signature="EmailTempValidation()[pri:0, instance:one.globalenglish.testCases.TC_EmailTemplate_005@13deb50e]" name="EmailTempValidation" duration-ms="12949" started-at="2021-06-06T21:17:37 IST" finished-at="2021-06-06T21:17:50 IST">
          <reporter-output>
          </reporter-output>
        </test-method> <!-- EmailTempValidation -->
        <test-method status="PASS" signature="close()[pri:0, instance:one.globalenglish.testCases.TC_EmailTemplate_005@13deb50e]" name="close" is-config="true" duration-ms="851" started-at="2021-06-06T21:17:50 IST" finished-at="2021-06-06T21:17:51 IST">
          <reporter-output>
          </reporter-output>
        </test-method> <!-- close -->
      </class> <!-- one.globalenglish.testCases.TC_EmailTemplate_005 -->
      <class name="one.globalenglish.testCases.TC_Stress_008">
        <test-method status="PASS" signature="setup(java.lang.String)[pri:0, instance:one.globalenglish.testCases.TC_Stress_008@31ef45e3]" name="setup" is-config="true" duration-ms="4564" started-at="2021-06-06T21:19:09 IST" finished-at="2021-06-06T21:19:14 IST">
          <params>
            <param index="0">
              <value>
                <![CDATA[chrome]]>
              </value>
            </param>
          </params>
          <reporter-output>
          </reporter-output>
        </test-method> <!-- setup -->
        <test-method status="PASS" signature="response()[pri:0, instance:one.globalenglish.testCases.TC_Stress_008@31ef45e3]" name="response" duration-ms="32779" started-at="2021-06-06T21:19:14 IST" finished-at="2021-06-06T21:19:47 IST">
          <reporter-output>
          </reporter-output>
        </test-method> <!-- response -->
        <test-method status="PASS" signature="close()[pri:0, instance:one.globalenglish.testCases.TC_Stress_008@31ef45e3]" name="close" is-config="true" duration-ms="853" started-at="2021-06-06T21:19:47 IST" finished-at="2021-06-06T21:19:47 IST">
          <reporter-output>
          </reporter-output>
        </test-method> <!-- close -->
      </class> <!-- one.globalenglish.testCases.TC_Stress_008 -->
      <class name="one.globalenglish.testCases.TC_NewsFeed_006">
        <test-method status="PASS" signature="setup(java.lang.String)[pri:0, instance:one.globalenglish.testCases.TC_NewsFeed_006@239963d8]" name="setup" is-config="true" duration-ms="3283" started-at="2021-06-06T21:17:51 IST" finished-at="2021-06-06T21:17:54 IST">
          <params>
            <param index="0">
              <value>
                <![CDATA[chrome]]>
              </value>
            </param>
          </params>
          <reporter-output>
          </reporter-output>
        </test-method> <!-- setup -->
        <test-method status="PASS" signature="NewsFeedValidation1()[pri:0, instance:one.globalenglish.testCases.TC_NewsFeed_006@239963d8]" name="NewsFeedValidation1" duration-ms="15198" started-at="2021-06-06T21:17:54 IST" finished-at="2021-06-06T21:18:10 IST">
          <reporter-output>
          </reporter-output>
        </test-method> <!-- NewsFeedValidation1 -->
        <test-method status="PASS" signature="close()[pri:0, instance:one.globalenglish.testCases.TC_NewsFeed_006@239963d8]" name="close" is-config="true" duration-ms="874" started-at="2021-06-06T21:18:10 IST" finished-at="2021-06-06T21:18:10 IST">
          <reporter-output>
          </reporter-output>
        </test-method> <!-- close -->
      </class> <!-- one.globalenglish.testCases.TC_NewsFeed_006 -->
      <class name="one.globalenglish.testCases.TC_Profile_007">
        <test-method status="PASS" signature="setup(java.lang.String)[pri:0, instance:one.globalenglish.testCases.TC_Profile_007@57fffcd7]" name="setup" is-config="true" duration-ms="2885" started-at="2021-06-06T21:18:49 IST" finished-at="2021-06-06T21:18:51 IST">
          <params>
            <param index="0">
              <value>
                <![CDATA[chrome]]>
              </value>
            </param>
          </params>
          <reporter-output>
          </reporter-output>
        </test-method> <!-- setup -->
        <test-method status="PASS" signature="ProfileValidation()[pri:0, instance:one.globalenglish.testCases.TC_Profile_007@57fffcd7]" name="ProfileValidation" duration-ms="17023" started-at="2021-06-06T21:18:51 IST" finished-at="2021-06-06T21:19:08 IST">
          <reporter-output>
          </reporter-output>
        </test-method> <!-- ProfileValidation -->
        <test-method status="PASS" signature="close()[pri:0, instance:one.globalenglish.testCases.TC_Profile_007@57fffcd7]" name="close" is-config="true" duration-ms="830" started-at="2021-06-06T21:19:08 IST" finished-at="2021-06-06T21:19:09 IST">
          <reporter-output>
          </reporter-output>
        </test-method> <!-- close -->
      </class> <!-- one.globalenglish.testCases.TC_Profile_007 -->
      <class name="one.globalenglish.testCases.TC_Culture_004">
        <test-method status="PASS" signature="setup(java.lang.String)[pri:0, instance:one.globalenglish.testCases.TC_Culture_004@f6c48ac]" name="setup" is-config="true" duration-ms="3048" started-at="2021-06-06T21:17:04 IST" finished-at="2021-06-06T21:17:07 IST">
          <params>
            <param index="0">
              <value>
                <![CDATA[chrome]]>
              </value>
            </param>
          </params>
          <reporter-output>
          </reporter-output>
        </test-method> <!-- setup -->
        <test-method status="PASS" signature="Cultures()[pri:0, instance:one.globalenglish.testCases.TC_Culture_004@f6c48ac]" name="Cultures" duration-ms="26557" started-at="2021-06-06T21:17:07 IST" finished-at="2021-06-06T21:17:33 IST">
          <reporter-output>
          </reporter-output>
        </test-method> <!-- Cultures -->
        <test-method status="PASS" signature="close()[pri:0, instance:one.globalenglish.testCases.TC_Culture_004@f6c48ac]" name="close" is-config="true" duration-ms="876" started-at="2021-06-06T21:17:33 IST" finished-at="2021-06-06T21:17:34 IST">
          <reporter-output>
          </reporter-output>
        </test-method> <!-- close -->
      </class> <!-- one.globalenglish.testCases.TC_Culture_004 -->
      <class name="one.globalenglish.testCases.TC_LoginTestDDT_002">
        <test-method status="PASS" signature="setup(java.lang.String)[pri:0, instance:one.globalenglish.testCases.TC_LoginTestDDT_002@6eebc39e]" name="setup" is-config="true" duration-ms="4676" started-at="2021-06-06T21:15:11 IST" finished-at="2021-06-06T21:15:16 IST">
          <params>
            <param index="0">
              <value>
                <![CDATA[chrome]]>
              </value>
            </param>
          </params>
          <reporter-output>
          </reporter-output>
        </test-method> <!-- setup -->
        <test-method status="PASS" signature="login(java.lang.String, java.lang.String)[pri:0, instance:one.globalenglish.testCases.TC_LoginTestDDT_002@6eebc39e]" name="login" duration-ms="24178" started-at="2021-06-06T21:15:17 IST" data-provider="LoginData" finished-at="2021-06-06T21:15:41 IST">
          <params>
            <param index="0">
              <value>
                <![CDATA[arun.joseph@learnship.com]]>
              </value>
            </param>
            <param index="1">
              <value>
                <![CDATA[Airtel@123]]>
              </value>
            </param>
          </params>
          <reporter-output>
          </reporter-output>
        </test-method> <!-- login -->
        <test-method status="PASS" signature="login(java.lang.String, java.lang.String)[pri:0, instance:one.globalenglish.testCases.TC_LoginTestDDT_002@6eebc39e]" name="login" duration-ms="21276" started-at="2021-06-06T21:15:41 IST" data-provider="LoginData" finished-at="2021-06-06T21:16:03 IST">
          <params>
            <param index="0">
              <value>
                <![CDATA[arun.joseph@learnship.com]]>
              </value>
            </param>
            <param index="1">
              <value>
                <![CDATA[Airtel@123]]>
              </value>
            </param>
          </params>
          <reporter-output>
          </reporter-output>
        </test-method> <!-- login -->
        <test-method status="PASS" signature="login(java.lang.String, java.lang.String)[pri:0, instance:one.globalenglish.testCases.TC_LoginTestDDT_002@6eebc39e]" name="login" duration-ms="20252" started-at="2021-06-06T21:16:03 IST" data-provider="LoginData" finished-at="2021-06-06T21:16:23 IST">
          <params>
            <param index="0">
              <value>
                <![CDATA[arun.joseph@learnship.com]]>
              </value>
            </param>
            <param index="1">
              <value>
                <![CDATA[Airtel@123]]>
              </value>
            </param>
          </params>
          <reporter-output>
          </reporter-output>
        </test-method> <!-- login -->
        <test-method status="PASS" signature="login(java.lang.String, java.lang.String)[pri:0, instance:one.globalenglish.testCases.TC_LoginTestDDT_002@6eebc39e]" name="login" duration-ms="18495" started-at="2021-06-06T21:16:23 IST" data-provider="LoginData" finished-at="2021-06-06T21:16:41 IST">
          <params>
            <param index="0">
              <value>
                <![CDATA[arun.joseph@learnship.com]]>
              </value>
            </param>
            <param index="1">
              <value>
                <![CDATA[Airtel@123]]>
              </value>
            </param>
          </params>
          <reporter-output>
          </reporter-output>
        </test-method> <!-- login -->
        <test-method status="PASS" signature="close()[pri:0, instance:one.globalenglish.testCases.TC_LoginTestDDT_002@6eebc39e]" name="close" is-config="true" duration-ms="874" started-at="2021-06-06T21:16:41 IST" finished-at="2021-06-06T21:16:42 IST">
          <reporter-output>
          </reporter-output>
        </test-method> <!-- close -->
      </class> <!-- one.globalenglish.testCases.TC_LoginTestDDT_002 -->
    </test> <!-- Test -->
  </suite> <!-- Suite -->
</testng-results>
