<?xml version="1.0" encoding="UTF-8"?>
<testsuite name="TestSuite" time="210.036" tests="14" errors="0" skipped="0" failures="0">
  <properties>
[...]
</properties>
  <testcase name="login" classname="one.globalenglish.testCases.TC_LoginTestDDT_002" time="24.187"/>
  <testcase name="login" classname="one.globalenglish.testCases.TC_LoginTestDDT_002" time="21.276"/>
  <testcase name="login" classname="one.globalenglish.testCases.TC_LoginTestDDT_002" time="20.252"/>
  <testcase name="login" classname="one.globalenglish.testCases.TC_LoginTestDDT_002" time="18.495"/>
  <testcase name="accent" classname="one.globalenglish.testCases.TC_Accent_003" time="17.4"/>
  <testcase name="Cultures" classname="one.globalenglish.testCases.TC_Culture_004" time="26.557"/>
  <testcase name="EmailTempValidation" classname="one.globalenglish.testCases.TC_EmailTemplate_005" time="12.95"/>
  <testcase name="NewsFeedValidation1" classname="one.globalenglish.testCases.TC_NewsFeed_006" time="15.198"/>
  <testcase name="GCTutorial" classname="one.globalenglish.testCases.TC_GCTutorial_012" time="30.776"/>
  <testcase name="GCTutorial1" classname="one.globalenglish.testCases.TC_GCTutorial_012" time="3.455"/>
  <testcase name="ProfileValidation" classname="one.globalenglish.testCases.TC_Profile_007" time="17.024"/>
  <testcase name="response" classname="one.globalenglish.testCases.TC_Stress_008" time="32.779"/>
  <testcase name="OpenProgresslinks" classname="one.globalenglish.testCases.TC_Progress_009" time="15.993"/>
  <testcase name="HomeLinks" classname="one.globalenglish.testCases.TC_Home_011" time="13.717"/>
</testsuite>