<?xml version="1.0" encoding="UTF-8"?>
<testsuite name="TestSuite" time="11.475" tests="19" errors="0" skipped="13" failures="6">
  <properties>
[...]
</properties>
  <testcase name="setup" classname="one.globalenglish.testCases.TC_Accent_003" time="3.416">
    <failure message="session not created: This version of ChromeDriver only supports Chrome version 87&#10;Current browser version is 89.0.4389.90 with binary path C:\Program Files (x86)\Google\Chrome\Application\chrome.exe&#10;Build info: version: &apos;3.141.59&apos;, revision: &apos;e82be7d358&apos;, time: &apos;2018-11-14T08:17:03&apos;&#10;System info: host: &apos;441SN13&apos;, ip: &apos;192.168.29.207&apos;, os.name: &apos;Windows 10&apos;, os.arch: &apos;amd64&apos;, os.version: &apos;10.0&apos;, java.version: &apos;1.8.0_271&apos;&#10;Driver info: driver.version: ChromeDriver&#10;remote stacktrace: Backtrace:&#10;	Ordinal0 [0x00AFC0C3+3326147]&#10;	Ordinal0 [0x009E0851+2164817]&#10;	Ordinal0 [0x00867298+619160]&#10;	Ordinal0 [0x007E1D92+73106]&#10;	Ordinal0 [0x007DE119+57625]&#10;	Ordinal0 [0x007DC38A+50058]&#10;	Ordinal0 [0x00805F3E+220990]&#10;	Ordinal0 [0x00805CAC+220332]&#10;	Ordinal0 [0x0080189B+202907]&#10;	Ordinal0 [0x007E3DF4+81396]&#10;	Ordinal0 [0x007E4DEE+85486]&#10;	Ordinal0 [0x007E4D79+85369]&#10;	Ordinal0 [0x009F85DC+2262492]&#10;	GetHandleVerifier [0x00C82874+1487204]&#10;	GetHandleVerifier [0x00C823CD+1486013]&#10;	GetHandleVerifier [0x00C8A368+1518680]&#10;	GetHandleVerifier [0x00C82F4E+1488958]&#10;	Ordinal0 [0x009EED0D+2223373]&#10;	Ordinal0 [0x009FA12B+2269483]&#10;	Ordinal0 [0x009FA26F+2269807]&#10;	Ordinal0 [0x00A0ECB8+2354360]&#10;	BaseThreadInitThunk [0x750DF989+25]&#10;	RtlGetAppContainerNamedObjectPath [0x76FC7084+228]&#10;	RtlGetAppContainerNamedObjectPath [0x76FC7054+180]&#10;" type="org.openqa.selenium.SessionNotCreatedException"><![CDATA[org.openqa.selenium.SessionNotCreatedException: session not created: This version of ChromeDriver only supports Chrome version 87
Current browser version is 89.0.4389.90 with binary path C:\Program Files (x86)\Google\Chrome\Application\chrome.exe
Build info: version: '3.141.59', revision: 'e82be7d358', time: '2018-11-14T08:17:03'
System info: host: '441SN13', ip: '192.168.29.207', os.name: 'Windows 10', os.arch: 'amd64', os.version: '10.0', java.version: '1.8.0_271'
Driver info: driver.version: ChromeDriver
remote stacktrace: Backtrace:
	Ordinal0 [0x00AFC0C3+3326147]
	Ordinal0 [0x009E0851+2164817]
	Ordinal0 [0x00867298+619160]
	Ordinal0 [0x007E1D92+73106]
	Ordinal0 [0x007DE119+57625]
	Ordinal0 [0x007DC38A+50058]
	Ordinal0 [0x00805F3E+220990]
	Ordinal0 [0x00805CAC+220332]
	Ordinal0 [0x0080189B+202907]
	Ordinal0 [0x007E3DF4+81396]
	Ordinal0 [0x007E4DEE+85486]
	Ordinal0 [0x007E4D79+85369]
	Ordinal0 [0x009F85DC+2262492]
	GetHandleVerifier [0x00C82874+1487204]
	GetHandleVerifier [0x00C823CD+1486013]
	GetHandleVerifier [0x00C8A368+1518680]
	GetHandleVerifier [0x00C82F4E+1488958]
	Ordinal0 [0x009EED0D+2223373]
	Ordinal0 [0x009FA12B+2269483]
	Ordinal0 [0x009FA26F+2269807]
	Ordinal0 [0x00A0ECB8+2354360]
	BaseThreadInitThunk [0x750DF989+25]
	RtlGetAppContainerNamedObjectPath [0x76FC7084+228]
	RtlGetAppContainerNamedObjectPath [0x76FC7054+180]

	at sun.reflect.NativeConstructorAccessorImpl.newInstance0(Native Method)
	at sun.reflect.NativeConstructorAccessorImpl.newInstance(NativeConstructorAccessorImpl.java:62)
	at sun.reflect.DelegatingConstructorAccessorImpl.newInstance(DelegatingConstructorAccessorImpl.java:45)
	at java.lang.reflect.Constructor.newInstance(Constructor.java:423)
	at org.openqa.selenium.remote.W3CHandshakeResponse.lambda$errorHandler$0(W3CHandshakeResponse.java:62)
	at org.openqa.selenium.remote.HandshakeResponse.lambda$getResponseFunction$0(HandshakeResponse.java:30)
	at org.openqa.selenium.remote.ProtocolHandshake.lambda$createSession$0(ProtocolHandshake.java:126)
	at java.util.stream.ReferencePipeline$3$1.accept(ReferencePipeline.java:193)
	at java.util.Spliterators$ArraySpliterator.tryAdvance(Spliterators.java:958)
	at java.util.stream.ReferencePipeline.forEachWithCancel(ReferencePipeline.java:126)
	at java.util.stream.AbstractPipeline.copyIntoWithCancel(AbstractPipeline.java:499)
	at java.util.stream.AbstractPipeline.copyInto(AbstractPipeline.java:486)
	at java.util.stream.AbstractPipeline.wrapAndCopyInto(AbstractPipeline.java:472)
	at java.util.stream.FindOps$FindOp.evaluateSequential(FindOps.java:152)
	at java.util.stream.AbstractPipeline.evaluate(AbstractPipeline.java:234)
	at java.util.stream.ReferencePipeline.findFirst(ReferencePipeline.java:464)
	at org.openqa.selenium.remote.ProtocolHandshake.createSession(ProtocolHandshake.java:128)
	at org.openqa.selenium.remote.ProtocolHandshake.createSession(ProtocolHandshake.java:74)
	at org.openqa.selenium.remote.HttpCommandExecutor.execute(HttpCommandExecutor.java:136)
	at org.openqa.selenium.remote.service.DriverCommandExecutor.execute(DriverCommandExecutor.java:83)
	at org.openqa.selenium.remote.RemoteWebDriver.execute(RemoteWebDriver.java:552)
	at org.openqa.selenium.remote.RemoteWebDriver.startSession(RemoteWebDriver.java:213)
	at org.openqa.selenium.remote.RemoteWebDriver.<init>(RemoteWebDriver.java:131)
	at org.openqa.selenium.chrome.ChromeDriver.<init>(ChromeDriver.java:181)
	at org.openqa.selenium.chrome.ChromeDriver.<init>(ChromeDriver.java:168)
	at org.openqa.selenium.chrome.ChromeDriver.<init>(ChromeDriver.java:123)
	at one.globalenglish.testCases.BaseClass.setup(BaseClass.java:55)
	at sun.reflect.NativeMethodAccessorImpl.invoke0(Native Method)
	at sun.reflect.NativeMethodAccessorImpl.invoke(NativeMethodAccessorImpl.java:62)
	at sun.reflect.DelegatingMethodAccessorImpl.invoke(DelegatingMethodAccessorImpl.java:43)
	at java.lang.reflect.Method.invoke(Method.java:498)
	at org.testng.internal.MethodInvocationHelper.invokeMethod(MethodInvocationHelper.java:134)
	at org.testng.internal.MethodInvocationHelper.invokeMethodConsideringTimeout(MethodInvocationHelper.java:63)
	at org.testng.internal.ConfigInvoker.invokeConfigurationMethod(ConfigInvoker.java:348)
	at org.testng.internal.ConfigInvoker.invokeConfigurations(ConfigInvoker.java:302)
	at org.testng.internal.TestMethodWorker.invokeBeforeClassMethods(TestMethodWorker.java:176)
	at org.testng.internal.TestMethodWorker.run(TestMethodWorker.java:122)
	at java.util.ArrayList.forEach(ArrayList.java:1259)
	at org.testng.TestRunner.privateRun(TestRunner.java:766)
	at org.testng.TestRunner.run(TestRunner.java:587)
	at org.testng.SuiteRunner.runTest(SuiteRunner.java:384)
	at org.testng.SuiteRunner.runSequentially(SuiteRunner.java:378)
	at org.testng.SuiteRunner.privateRun(SuiteRunner.java:337)
	at org.testng.SuiteRunner.run(SuiteRunner.java:286)
	at org.testng.SuiteRunnerWorker.runSuite(SuiteRunnerWorker.java:53)
	at org.testng.SuiteRunnerWorker.run(SuiteRunnerWorker.java:96)
	at org.testng.TestNG.runSuitesSequentially(TestNG.java:1187)
	at org.testng.TestNG.runSuitesLocally(TestNG.java:1109)
	at org.testng.TestNG.runSuites(TestNG.java:1039)
	at org.testng.TestNG.run(TestNG.java:1007)
	at org.apache.maven.surefire.testng.TestNGExecutor.run(TestNGExecutor.java:295)
	at org.apache.maven.surefire.testng.TestNGXmlTestSuite.execute(TestNGXmlTestSuite.java:84)
	at org.apache.maven.surefire.testng.TestNGProvider.invoke(TestNGProvider.java:90)
	at org.apache.maven.surefire.booter.ForkedBooter.invokeProviderInSameClassLoader(ForkedBooter.java:203)
	at org.apache.maven.surefire.booter.ForkedBooter.runSuitesInProcess(ForkedBooter.java:155)
	at org.apache.maven.surefire.booter.ForkedBooter.main(ForkedBooter.java:103)
]]></failure>
    <system-err><![CDATA[Starting ChromeDriver 87.0.4280.88 (89e2380a3e36c3464b5dd1302349b1382549290d-refs/branch-heads/4280@{#1761}) on port 36522
Only local connections are allowed.
Please see https://chromedriver.chromium.org/security-considerations for suggestions on keeping ChromeDriver safe.
ChromeDriver was started successfully.
]]></system-err>
  </testcase>
  <testcase name="accent" classname="one.globalenglish.testCases.TC_Accent_003" time="0">
    <skipped/>
  </testcase>
  <testcase name="close" classname="one.globalenglish.testCases.TC_Accent_003" time="0">
    <skipped/>
  </testcase>
  <testcase name="setup" classname="one.globalenglish.testCases.TC_Culture_004" time="1.597">
    <failure message="session not created: This version of ChromeDriver only supports Chrome version 87&#10;Current browser version is 89.0.4389.90 with binary path C:\Program Files (x86)\Google\Chrome\Application\chrome.exe&#10;Build info: version: &apos;3.141.59&apos;, revision: &apos;e82be7d358&apos;, time: &apos;2018-11-14T08:17:03&apos;&#10;System info: host: &apos;441SN13&apos;, ip: &apos;192.168.29.207&apos;, os.name: &apos;Windows 10&apos;, os.arch: &apos;amd64&apos;, os.version: &apos;10.0&apos;, java.version: &apos;1.8.0_271&apos;&#10;Driver info: driver.version: ChromeDriver&#10;remote stacktrace: Backtrace:&#10;	Ordinal0 [0x00AFC0C3+3326147]&#10;	Ordinal0 [0x009E0851+2164817]&#10;	Ordinal0 [0x00867298+619160]&#10;	Ordinal0 [0x007E1D92+73106]&#10;	Ordinal0 [0x007DE119+57625]&#10;	Ordinal0 [0x007DC38A+50058]&#10;	Ordinal0 [0x00805F3E+220990]&#10;	Ordinal0 [0x00805CAC+220332]&#10;	Ordinal0 [0x0080189B+202907]&#10;	Ordinal0 [0x007E3DF4+81396]&#10;	Ordinal0 [0x007E4DEE+85486]&#10;	Ordinal0 [0x007E4D79+85369]&#10;	Ordinal0 [0x009F85DC+2262492]&#10;	GetHandleVerifier [0x00C82874+1487204]&#10;	GetHandleVerifier [0x00C823CD+1486013]&#10;	GetHandleVerifier [0x00C8A368+1518680]&#10;	GetHandleVerifier [0x00C82F4E+1488958]&#10;	Ordinal0 [0x009EED0D+2223373]&#10;	Ordinal0 [0x009FA12B+2269483]&#10;	Ordinal0 [0x009FA26F+2269807]&#10;	Ordinal0 [0x00A0ECB8+2354360]&#10;	BaseThreadInitThunk [0x750DF989+25]&#10;	RtlGetAppContainerNamedObjectPath [0x76FC7084+228]&#10;	RtlGetAppContainerNamedObjectPath [0x76FC7054+180]&#10;" type="org.openqa.selenium.SessionNotCreatedException"><![CDATA[org.openqa.selenium.SessionNotCreatedException: session not created: This version of ChromeDriver only supports Chrome version 87
Current browser version is 89.0.4389.90 with binary path C:\Program Files (x86)\Google\Chrome\Application\chrome.exe
Build info: version: '3.141.59', revision: 'e82be7d358', time: '2018-11-14T08:17:03'
System info: host: '441SN13', ip: '192.168.29.207', os.name: 'Windows 10', os.arch: 'amd64', os.version: '10.0', java.version: '1.8.0_271'
Driver info: driver.version: ChromeDriver
remote stacktrace: Backtrace:
	Ordinal0 [0x00AFC0C3+3326147]
	Ordinal0 [0x009E0851+2164817]
	Ordinal0 [0x00867298+619160]
	Ordinal0 [0x007E1D92+73106]
	Ordinal0 [0x007DE119+57625]
	Ordinal0 [0x007DC38A+50058]
	Ordinal0 [0x00805F3E+220990]
	Ordinal0 [0x00805CAC+220332]
	Ordinal0 [0x0080189B+202907]
	Ordinal0 [0x007E3DF4+81396]
	Ordinal0 [0x007E4DEE+85486]
	Ordinal0 [0x007E4D79+85369]
	Ordinal0 [0x009F85DC+2262492]
	GetHandleVerifier [0x00C82874+1487204]
	GetHandleVerifier [0x00C823CD+1486013]
	GetHandleVerifier [0x00C8A368+1518680]
	GetHandleVerifier [0x00C82F4E+1488958]
	Ordinal0 [0x009EED0D+2223373]
	Ordinal0 [0x009FA12B+2269483]
	Ordinal0 [0x009FA26F+2269807]
	Ordinal0 [0x00A0ECB8+2354360]
	BaseThreadInitThunk [0x750DF989+25]
	RtlGetAppContainerNamedObjectPath [0x76FC7084+228]
	RtlGetAppContainerNamedObjectPath [0x76FC7054+180]

	at sun.reflect.NativeConstructorAccessorImpl.newInstance0(Native Method)
	at sun.reflect.NativeConstructorAccessorImpl.newInstance(NativeConstructorAccessorImpl.java:62)
	at sun.reflect.DelegatingConstructorAccessorImpl.newInstance(DelegatingConstructorAccessorImpl.java:45)
	at java.lang.reflect.Constructor.newInstance(Constructor.java:423)
	at org.openqa.selenium.remote.W3CHandshakeResponse.lambda$errorHandler$0(W3CHandshakeResponse.java:62)
	at org.openqa.selenium.remote.HandshakeResponse.lambda$getResponseFunction$0(HandshakeResponse.java:30)
	at org.openqa.selenium.remote.ProtocolHandshake.lambda$createSession$0(ProtocolHandshake.java:126)
	at java.util.stream.ReferencePipeline$3$1.accept(ReferencePipeline.java:193)
	at java.util.Spliterators$ArraySpliterator.tryAdvance(Spliterators.java:958)
	at java.util.stream.ReferencePipeline.forEachWithCancel(ReferencePipeline.java:126)
	at java.util.stream.AbstractPipeline.copyIntoWithCancel(AbstractPipeline.java:499)
	at java.util.stream.AbstractPipeline.copyInto(AbstractPipeline.java:486)
	at java.util.stream.AbstractPipeline.wrapAndCopyInto(AbstractPipeline.java:472)
	at java.util.stream.FindOps$FindOp.evaluateSequential(FindOps.java:152)
	at java.util.stream.AbstractPipeline.evaluate(AbstractPipeline.java:234)
	at java.util.stream.ReferencePipeline.findFirst(ReferencePipeline.java:464)
	at org.openqa.selenium.remote.ProtocolHandshake.createSession(ProtocolHandshake.java:128)
	at org.openqa.selenium.remote.ProtocolHandshake.createSession(ProtocolHandshake.java:74)
	at org.openqa.selenium.remote.HttpCommandExecutor.execute(HttpCommandExecutor.java:136)
	at org.openqa.selenium.remote.service.DriverCommandExecutor.execute(DriverCommandExecutor.java:83)
	at org.openqa.selenium.remote.RemoteWebDriver.execute(RemoteWebDriver.java:552)
	at org.openqa.selenium.remote.RemoteWebDriver.startSession(RemoteWebDriver.java:213)
	at org.openqa.selenium.remote.RemoteWebDriver.<init>(RemoteWebDriver.java:131)
	at org.openqa.selenium.chrome.ChromeDriver.<init>(ChromeDriver.java:181)
	at org.openqa.selenium.chrome.ChromeDriver.<init>(ChromeDriver.java:168)
	at org.openqa.selenium.chrome.ChromeDriver.<init>(ChromeDriver.java:123)
	at one.globalenglish.testCases.BaseClass.setup(BaseClass.java:55)
	at sun.reflect.NativeMethodAccessorImpl.invoke0(Native Method)
	at sun.reflect.NativeMethodAccessorImpl.invoke(NativeMethodAccessorImpl.java:62)
	at sun.reflect.DelegatingMethodAccessorImpl.invoke(DelegatingMethodAccessorImpl.java:43)
	at java.lang.reflect.Method.invoke(Method.java:498)
	at org.testng.internal.MethodInvocationHelper.invokeMethod(MethodInvocationHelper.java:134)
	at org.testng.internal.MethodInvocationHelper.invokeMethodConsideringTimeout(MethodInvocationHelper.java:63)
	at org.testng.internal.ConfigInvoker.invokeConfigurationMethod(ConfigInvoker.java:348)
	at org.testng.internal.ConfigInvoker.invokeConfigurations(ConfigInvoker.java:302)
	at org.testng.internal.TestMethodWorker.invokeBeforeClassMethods(TestMethodWorker.java:176)
	at org.testng.internal.TestMethodWorker.run(TestMethodWorker.java:122)
	at java.util.ArrayList.forEach(ArrayList.java:1259)
	at org.testng.TestRunner.privateRun(TestRunner.java:766)
	at org.testng.TestRunner.run(TestRunner.java:587)
	at org.testng.SuiteRunner.runTest(SuiteRunner.java:384)
	at org.testng.SuiteRunner.runSequentially(SuiteRunner.java:378)
	at org.testng.SuiteRunner.privateRun(SuiteRunner.java:337)
	at org.testng.SuiteRunner.run(SuiteRunner.java:286)
	at org.testng.SuiteRunnerWorker.runSuite(SuiteRunnerWorker.java:53)
	at org.testng.SuiteRunnerWorker.run(SuiteRunnerWorker.java:96)
	at org.testng.TestNG.runSuitesSequentially(TestNG.java:1187)
	at org.testng.TestNG.runSuitesLocally(TestNG.java:1109)
	at org.testng.TestNG.runSuites(TestNG.java:1039)
	at org.testng.TestNG.run(TestNG.java:1007)
	at org.apache.maven.surefire.testng.TestNGExecutor.run(TestNGExecutor.java:295)
	at org.apache.maven.surefire.testng.TestNGXmlTestSuite.execute(TestNGXmlTestSuite.java:84)
	at org.apache.maven.surefire.testng.TestNGProvider.invoke(TestNGProvider.java:90)
	at org.apache.maven.surefire.booter.ForkedBooter.invokeProviderInSameClassLoader(ForkedBooter.java:203)
	at org.apache.maven.surefire.booter.ForkedBooter.runSuitesInProcess(ForkedBooter.java:155)
	at org.apache.maven.surefire.booter.ForkedBooter.main(ForkedBooter.java:103)
]]></failure>
    <system-err><![CDATA[Starting ChromeDriver 87.0.4280.88 (89e2380a3e36c3464b5dd1302349b1382549290d-refs/branch-heads/4280@{#1761}) on port 5605
Only local connections are allowed.
Please see https://chromedriver.chromium.org/security-considerations for suggestions on keeping ChromeDriver safe.
ChromeDriver was started successfully.
]]></system-err>
  </testcase>
  <testcase name="Cultures" classname="one.globalenglish.testCases.TC_Culture_004" time="0">
    <skipped/>
  </testcase>
  <testcase name="close" classname="one.globalenglish.testCases.TC_Culture_004" time="0">
    <skipped/>
  </testcase>
  <testcase name="setup" classname="one.globalenglish.testCases.TC_EmailTemplate_005" time="1.573">
    <failure message="session not created: This version of ChromeDriver only supports Chrome version 87&#10;Current browser version is 89.0.4389.90 with binary path C:\Program Files (x86)\Google\Chrome\Application\chrome.exe&#10;Build info: version: &apos;3.141.59&apos;, revision: &apos;e82be7d358&apos;, time: &apos;2018-11-14T08:17:03&apos;&#10;System info: host: &apos;441SN13&apos;, ip: &apos;192.168.29.207&apos;, os.name: &apos;Windows 10&apos;, os.arch: &apos;amd64&apos;, os.version: &apos;10.0&apos;, java.version: &apos;1.8.0_271&apos;&#10;Driver info: driver.version: ChromeDriver&#10;remote stacktrace: Backtrace:&#10;	Ordinal0 [0x00AFC0C3+3326147]&#10;	Ordinal0 [0x009E0851+2164817]&#10;	Ordinal0 [0x00867298+619160]&#10;	Ordinal0 [0x007E1D92+73106]&#10;	Ordinal0 [0x007DE119+57625]&#10;	Ordinal0 [0x007DC38A+50058]&#10;	Ordinal0 [0x00805F3E+220990]&#10;	Ordinal0 [0x00805CAC+220332]&#10;	Ordinal0 [0x0080189B+202907]&#10;	Ordinal0 [0x007E3DF4+81396]&#10;	Ordinal0 [0x007E4DEE+85486]&#10;	Ordinal0 [0x007E4D79+85369]&#10;	Ordinal0 [0x009F85DC+2262492]&#10;	GetHandleVerifier [0x00C82874+1487204]&#10;	GetHandleVerifier [0x00C823CD+1486013]&#10;	GetHandleVerifier [0x00C8A368+1518680]&#10;	GetHandleVerifier [0x00C82F4E+1488958]&#10;	Ordinal0 [0x009EED0D+2223373]&#10;	Ordinal0 [0x009FA12B+2269483]&#10;	Ordinal0 [0x009FA26F+2269807]&#10;	Ordinal0 [0x00A0ECB8+2354360]&#10;	BaseThreadInitThunk [0x750DF989+25]&#10;	RtlGetAppContainerNamedObjectPath [0x76FC7084+228]&#10;	RtlGetAppContainerNamedObjectPath [0x76FC7054+180]&#10;" type="org.openqa.selenium.SessionNotCreatedException"><![CDATA[org.openqa.selenium.SessionNotCreatedException: session not created: This version of ChromeDriver only supports Chrome version 87
Current browser version is 89.0.4389.90 with binary path C:\Program Files (x86)\Google\Chrome\Application\chrome.exe
Build info: version: '3.141.59', revision: 'e82be7d358', time: '2018-11-14T08:17:03'
System info: host: '441SN13', ip: '192.168.29.207', os.name: 'Windows 10', os.arch: 'amd64', os.version: '10.0', java.version: '1.8.0_271'
Driver info: driver.version: ChromeDriver
remote stacktrace: Backtrace:
	Ordinal0 [0x00AFC0C3+3326147]
	Ordinal0 [0x009E0851+2164817]
	Ordinal0 [0x00867298+619160]
	Ordinal0 [0x007E1D92+73106]
	Ordinal0 [0x007DE119+57625]
	Ordinal0 [0x007DC38A+50058]
	Ordinal0 [0x00805F3E+220990]
	Ordinal0 [0x00805CAC+220332]
	Ordinal0 [0x0080189B+202907]
	Ordinal0 [0x007E3DF4+81396]
	Ordinal0 [0x007E4DEE+85486]
	Ordinal0 [0x007E4D79+85369]
	Ordinal0 [0x009F85DC+2262492]
	GetHandleVerifier [0x00C82874+1487204]
	GetHandleVerifier [0x00C823CD+1486013]
	GetHandleVerifier [0x00C8A368+1518680]
	GetHandleVerifier [0x00C82F4E+1488958]
	Ordinal0 [0x009EED0D+2223373]
	Ordinal0 [0x009FA12B+2269483]
	Ordinal0 [0x009FA26F+2269807]
	Ordinal0 [0x00A0ECB8+2354360]
	BaseThreadInitThunk [0x750DF989+25]
	RtlGetAppContainerNamedObjectPath [0x76FC7084+228]
	RtlGetAppContainerNamedObjectPath [0x76FC7054+180]

	at sun.reflect.NativeConstructorAccessorImpl.newInstance0(Native Method)
	at sun.reflect.NativeConstructorAccessorImpl.newInstance(NativeConstructorAccessorImpl.java:62)
	at sun.reflect.DelegatingConstructorAccessorImpl.newInstance(DelegatingConstructorAccessorImpl.java:45)
	at java.lang.reflect.Constructor.newInstance(Constructor.java:423)
	at org.openqa.selenium.remote.W3CHandshakeResponse.lambda$errorHandler$0(W3CHandshakeResponse.java:62)
	at org.openqa.selenium.remote.HandshakeResponse.lambda$getResponseFunction$0(HandshakeResponse.java:30)
	at org.openqa.selenium.remote.ProtocolHandshake.lambda$createSession$0(ProtocolHandshake.java:126)
	at java.util.stream.ReferencePipeline$3$1.accept(ReferencePipeline.java:193)
	at java.util.Spliterators$ArraySpliterator.tryAdvance(Spliterators.java:958)
	at java.util.stream.ReferencePipeline.forEachWithCancel(ReferencePipeline.java:126)
	at java.util.stream.AbstractPipeline.copyIntoWithCancel(AbstractPipeline.java:499)
	at java.util.stream.AbstractPipeline.copyInto(AbstractPipeline.java:486)
	at java.util.stream.AbstractPipeline.wrapAndCopyInto(AbstractPipeline.java:472)
	at java.util.stream.FindOps$FindOp.evaluateSequential(FindOps.java:152)
	at java.util.stream.AbstractPipeline.evaluate(AbstractPipeline.java:234)
	at java.util.stream.ReferencePipeline.findFirst(ReferencePipeline.java:464)
	at org.openqa.selenium.remote.ProtocolHandshake.createSession(ProtocolHandshake.java:128)
	at org.openqa.selenium.remote.ProtocolHandshake.createSession(ProtocolHandshake.java:74)
	at org.openqa.selenium.remote.HttpCommandExecutor.execute(HttpCommandExecutor.java:136)
	at org.openqa.selenium.remote.service.DriverCommandExecutor.execute(DriverCommandExecutor.java:83)
	at org.openqa.selenium.remote.RemoteWebDriver.execute(RemoteWebDriver.java:552)
	at org.openqa.selenium.remote.RemoteWebDriver.startSession(RemoteWebDriver.java:213)
	at org.openqa.selenium.remote.RemoteWebDriver.<init>(RemoteWebDriver.java:131)
	at org.openqa.selenium.chrome.ChromeDriver.<init>(ChromeDriver.java:181)
	at org.openqa.selenium.chrome.ChromeDriver.<init>(ChromeDriver.java:168)
	at org.openqa.selenium.chrome.ChromeDriver.<init>(ChromeDriver.java:123)
	at one.globalenglish.testCases.BaseClass.setup(BaseClass.java:55)
	at sun.reflect.NativeMethodAccessorImpl.invoke0(Native Method)
	at sun.reflect.NativeMethodAccessorImpl.invoke(NativeMethodAccessorImpl.java:62)
	at sun.reflect.DelegatingMethodAccessorImpl.invoke(DelegatingMethodAccessorImpl.java:43)
	at java.lang.reflect.Method.invoke(Method.java:498)
	at org.testng.internal.MethodInvocationHelper.invokeMethod(MethodInvocationHelper.java:134)
	at org.testng.internal.MethodInvocationHelper.invokeMethodConsideringTimeout(MethodInvocationHelper.java:63)
	at org.testng.internal.ConfigInvoker.invokeConfigurationMethod(ConfigInvoker.java:348)
	at org.testng.internal.ConfigInvoker.invokeConfigurations(ConfigInvoker.java:302)
	at org.testng.internal.TestMethodWorker.invokeBeforeClassMethods(TestMethodWorker.java:176)
	at org.testng.internal.TestMethodWorker.run(TestMethodWorker.java:122)
	at java.util.ArrayList.forEach(ArrayList.java:1259)
	at org.testng.TestRunner.privateRun(TestRunner.java:766)
	at org.testng.TestRunner.run(TestRunner.java:587)
	at org.testng.SuiteRunner.runTest(SuiteRunner.java:384)
	at org.testng.SuiteRunner.runSequentially(SuiteRunner.java:378)
	at org.testng.SuiteRunner.privateRun(SuiteRunner.java:337)
	at org.testng.SuiteRunner.run(SuiteRunner.java:286)
	at org.testng.SuiteRunnerWorker.runSuite(SuiteRunnerWorker.java:53)
	at org.testng.SuiteRunnerWorker.run(SuiteRunnerWorker.java:96)
	at org.testng.TestNG.runSuitesSequentially(TestNG.java:1187)
	at org.testng.TestNG.runSuitesLocally(TestNG.java:1109)
	at org.testng.TestNG.runSuites(TestNG.java:1039)
	at org.testng.TestNG.run(TestNG.java:1007)
	at org.apache.maven.surefire.testng.TestNGExecutor.run(TestNGExecutor.java:295)
	at org.apache.maven.surefire.testng.TestNGXmlTestSuite.execute(TestNGXmlTestSuite.java:84)
	at org.apache.maven.surefire.testng.TestNGProvider.invoke(TestNGProvider.java:90)
	at org.apache.maven.surefire.booter.ForkedBooter.invokeProviderInSameClassLoader(ForkedBooter.java:203)
	at org.apache.maven.surefire.booter.ForkedBooter.runSuitesInProcess(ForkedBooter.java:155)
	at org.apache.maven.surefire.booter.ForkedBooter.main(ForkedBooter.java:103)
]]></failure>
    <system-err><![CDATA[Starting ChromeDriver 87.0.4280.88 (89e2380a3e36c3464b5dd1302349b1382549290d-refs/branch-heads/4280@{#1761}) on port 42355
Only local connections are allowed.
Please see https://chromedriver.chromium.org/security-considerations for suggestions on keeping ChromeDriver safe.
ChromeDriver was started successfully.
]]></system-err>
  </testcase>
  <testcase name="EmailTempValidation" classname="one.globalenglish.testCases.TC_EmailTemplate_005" time="0">
    <skipped/>
  </testcase>
  <testcase name="close" classname="one.globalenglish.testCases.TC_EmailTemplate_005" time="0">
    <skipped/>
  </testcase>
  <testcase name="setup" classname="one.globalenglish.testCases.TC_NewsFeed_006" time="1.632">
    <failure message="session not created: This version of ChromeDriver only supports Chrome version 87&#10;Current browser version is 89.0.4389.90 with binary path C:\Program Files (x86)\Google\Chrome\Application\chrome.exe&#10;Build info: version: &apos;3.141.59&apos;, revision: &apos;e82be7d358&apos;, time: &apos;2018-11-14T08:17:03&apos;&#10;System info: host: &apos;441SN13&apos;, ip: &apos;192.168.29.207&apos;, os.name: &apos;Windows 10&apos;, os.arch: &apos;amd64&apos;, os.version: &apos;10.0&apos;, java.version: &apos;1.8.0_271&apos;&#10;Driver info: driver.version: ChromeDriver&#10;remote stacktrace: Backtrace:&#10;	Ordinal0 [0x00AFC0C3+3326147]&#10;	Ordinal0 [0x009E0851+2164817]&#10;	Ordinal0 [0x00867298+619160]&#10;	Ordinal0 [0x007E1D92+73106]&#10;	Ordinal0 [0x007DE119+57625]&#10;	Ordinal0 [0x007DC38A+50058]&#10;	Ordinal0 [0x00805F3E+220990]&#10;	Ordinal0 [0x00805CAC+220332]&#10;	Ordinal0 [0x0080189B+202907]&#10;	Ordinal0 [0x007E3DF4+81396]&#10;	Ordinal0 [0x007E4DEE+85486]&#10;	Ordinal0 [0x007E4D79+85369]&#10;	Ordinal0 [0x009F85DC+2262492]&#10;	GetHandleVerifier [0x00C82874+1487204]&#10;	GetHandleVerifier [0x00C823CD+1486013]&#10;	GetHandleVerifier [0x00C8A368+1518680]&#10;	GetHandleVerifier [0x00C82F4E+1488958]&#10;	Ordinal0 [0x009EED0D+2223373]&#10;	Ordinal0 [0x009FA12B+2269483]&#10;	Ordinal0 [0x009FA26F+2269807]&#10;	Ordinal0 [0x00A0ECB8+2354360]&#10;	BaseThreadInitThunk [0x750DF989+25]&#10;	RtlGetAppContainerNamedObjectPath [0x76FC7084+228]&#10;	RtlGetAppContainerNamedObjectPath [0x76FC7054+180]&#10;" type="org.openqa.selenium.SessionNotCreatedException"><![CDATA[org.openqa.selenium.SessionNotCreatedException: session not created: This version of ChromeDriver only supports Chrome version 87
Current browser version is 89.0.4389.90 with binary path C:\Program Files (x86)\Google\Chrome\Application\chrome.exe
Build info: version: '3.141.59', revision: 'e82be7d358', time: '2018-11-14T08:17:03'
System info: host: '441SN13', ip: '192.168.29.207', os.name: 'Windows 10', os.arch: 'amd64', os.version: '10.0', java.version: '1.8.0_271'
Driver info: driver.version: ChromeDriver
remote stacktrace: Backtrace:
	Ordinal0 [0x00AFC0C3+3326147]
	Ordinal0 [0x009E0851+2164817]
	Ordinal0 [0x00867298+619160]
	Ordinal0 [0x007E1D92+73106]
	Ordinal0 [0x007DE119+57625]
	Ordinal0 [0x007DC38A+50058]
	Ordinal0 [0x00805F3E+220990]
	Ordinal0 [0x00805CAC+220332]
	Ordinal0 [0x0080189B+202907]
	Ordinal0 [0x007E3DF4+81396]
	Ordinal0 [0x007E4DEE+85486]
	Ordinal0 [0x007E4D79+85369]
	Ordinal0 [0x009F85DC+2262492]
	GetHandleVerifier [0x00C82874+1487204]
	GetHandleVerifier [0x00C823CD+1486013]
	GetHandleVerifier [0x00C8A368+1518680]
	GetHandleVerifier [0x00C82F4E+1488958]
	Ordinal0 [0x009EED0D+2223373]
	Ordinal0 [0x009FA12B+2269483]
	Ordinal0 [0x009FA26F+2269807]
	Ordinal0 [0x00A0ECB8+2354360]
	BaseThreadInitThunk [0x750DF989+25]
	RtlGetAppContainerNamedObjectPath [0x76FC7084+228]
	RtlGetAppContainerNamedObjectPath [0x76FC7054+180]

	at sun.reflect.NativeConstructorAccessorImpl.newInstance0(Native Method)
	at sun.reflect.NativeConstructorAccessorImpl.newInstance(NativeConstructorAccessorImpl.java:62)
	at sun.reflect.DelegatingConstructorAccessorImpl.newInstance(DelegatingConstructorAccessorImpl.java:45)
	at java.lang.reflect.Constructor.newInstance(Constructor.java:423)
	at org.openqa.selenium.remote.W3CHandshakeResponse.lambda$errorHandler$0(W3CHandshakeResponse.java:62)
	at org.openqa.selenium.remote.HandshakeResponse.lambda$getResponseFunction$0(HandshakeResponse.java:30)
	at org.openqa.selenium.remote.ProtocolHandshake.lambda$createSession$0(ProtocolHandshake.java:126)
	at java.util.stream.ReferencePipeline$3$1.accept(ReferencePipeline.java:193)
	at java.util.Spliterators$ArraySpliterator.tryAdvance(Spliterators.java:958)
	at java.util.stream.ReferencePipeline.forEachWithCancel(ReferencePipeline.java:126)
	at java.util.stream.AbstractPipeline.copyIntoWithCancel(AbstractPipeline.java:499)
	at java.util.stream.AbstractPipeline.copyInto(AbstractPipeline.java:486)
	at java.util.stream.AbstractPipeline.wrapAndCopyInto(AbstractPipeline.java:472)
	at java.util.stream.FindOps$FindOp.evaluateSequential(FindOps.java:152)
	at java.util.stream.AbstractPipeline.evaluate(AbstractPipeline.java:234)
	at java.util.stream.ReferencePipeline.findFirst(ReferencePipeline.java:464)
	at org.openqa.selenium.remote.ProtocolHandshake.createSession(ProtocolHandshake.java:128)
	at org.openqa.selenium.remote.ProtocolHandshake.createSession(ProtocolHandshake.java:74)
	at org.openqa.selenium.remote.HttpCommandExecutor.execute(HttpCommandExecutor.java:136)
	at org.openqa.selenium.remote.service.DriverCommandExecutor.execute(DriverCommandExecutor.java:83)
	at org.openqa.selenium.remote.RemoteWebDriver.execute(RemoteWebDriver.java:552)
	at org.openqa.selenium.remote.RemoteWebDriver.startSession(RemoteWebDriver.java:213)
	at org.openqa.selenium.remote.RemoteWebDriver.<init>(RemoteWebDriver.java:131)
	at org.openqa.selenium.chrome.ChromeDriver.<init>(ChromeDriver.java:181)
	at org.openqa.selenium.chrome.ChromeDriver.<init>(ChromeDriver.java:168)
	at org.openqa.selenium.chrome.ChromeDriver.<init>(ChromeDriver.java:123)
	at one.globalenglish.testCases.BaseClass.setup(BaseClass.java:55)
	at sun.reflect.NativeMethodAccessorImpl.invoke0(Native Method)
	at sun.reflect.NativeMethodAccessorImpl.invoke(NativeMethodAccessorImpl.java:62)
	at sun.reflect.DelegatingMethodAccessorImpl.invoke(DelegatingMethodAccessorImpl.java:43)
	at java.lang.reflect.Method.invoke(Method.java:498)
	at org.testng.internal.MethodInvocationHelper.invokeMethod(MethodInvocationHelper.java:134)
	at org.testng.internal.MethodInvocationHelper.invokeMethodConsideringTimeout(MethodInvocationHelper.java:63)
	at org.testng.internal.ConfigInvoker.invokeConfigurationMethod(ConfigInvoker.java:348)
	at org.testng.internal.ConfigInvoker.invokeConfigurations(ConfigInvoker.java:302)
	at org.testng.internal.TestMethodWorker.invokeBeforeClassMethods(TestMethodWorker.java:176)
	at org.testng.internal.TestMethodWorker.run(TestMethodWorker.java:122)
	at java.util.ArrayList.forEach(ArrayList.java:1259)
	at org.testng.TestRunner.privateRun(TestRunner.java:766)
	at org.testng.TestRunner.run(TestRunner.java:587)
	at org.testng.SuiteRunner.runTest(SuiteRunner.java:384)
	at org.testng.SuiteRunner.runSequentially(SuiteRunner.java:378)
	at org.testng.SuiteRunner.privateRun(SuiteRunner.java:337)
	at org.testng.SuiteRunner.run(SuiteRunner.java:286)
	at org.testng.SuiteRunnerWorker.runSuite(SuiteRunnerWorker.java:53)
	at org.testng.SuiteRunnerWorker.run(SuiteRunnerWorker.java:96)
	at org.testng.TestNG.runSuitesSequentially(TestNG.java:1187)
	at org.testng.TestNG.runSuitesLocally(TestNG.java:1109)
	at org.testng.TestNG.runSuites(TestNG.java:1039)
	at org.testng.TestNG.run(TestNG.java:1007)
	at org.apache.maven.surefire.testng.TestNGExecutor.run(TestNGExecutor.java:295)
	at org.apache.maven.surefire.testng.TestNGXmlTestSuite.execute(TestNGXmlTestSuite.java:84)
	at org.apache.maven.surefire.testng.TestNGProvider.invoke(TestNGProvider.java:90)
	at org.apache.maven.surefire.booter.ForkedBooter.invokeProviderInSameClassLoader(ForkedBooter.java:203)
	at org.apache.maven.surefire.booter.ForkedBooter.runSuitesInProcess(ForkedBooter.java:155)
	at org.apache.maven.surefire.booter.ForkedBooter.main(ForkedBooter.java:103)
]]></failure>
    <system-err><![CDATA[Starting ChromeDriver 87.0.4280.88 (89e2380a3e36c3464b5dd1302349b1382549290d-refs/branch-heads/4280@{#1761}) on port 42904
Only local connections are allowed.
Please see https://chromedriver.chromium.org/security-considerations for suggestions on keeping ChromeDriver safe.
ChromeDriver was started successfully.
]]></system-err>
  </testcase>
  <testcase name="NewsFeedValidation1" classname="one.globalenglish.testCases.TC_NewsFeed_006" time="0">
    <skipped/>
  </testcase>
  <testcase name="close" classname="one.globalenglish.testCases.TC_NewsFeed_006" time="0">
    <skipped/>
  </testcase>
  <testcase name="setup" classname="one.globalenglish.testCases.TC_SystemCheck_010" time="1.613">
    <failure message="session not created: This version of ChromeDriver only supports Chrome version 87&#10;Current browser version is 89.0.4389.90 with binary path C:\Program Files (x86)\Google\Chrome\Application\chrome.exe&#10;Build info: version: &apos;3.141.59&apos;, revision: &apos;e82be7d358&apos;, time: &apos;2018-11-14T08:17:03&apos;&#10;System info: host: &apos;441SN13&apos;, ip: &apos;192.168.29.207&apos;, os.name: &apos;Windows 10&apos;, os.arch: &apos;amd64&apos;, os.version: &apos;10.0&apos;, java.version: &apos;1.8.0_271&apos;&#10;Driver info: driver.version: ChromeDriver&#10;remote stacktrace: Backtrace:&#10;	Ordinal0 [0x00AFC0C3+3326147]&#10;	Ordinal0 [0x009E0851+2164817]&#10;	Ordinal0 [0x00867298+619160]&#10;	Ordinal0 [0x007E1D92+73106]&#10;	Ordinal0 [0x007DE119+57625]&#10;	Ordinal0 [0x007DC38A+50058]&#10;	Ordinal0 [0x00805F3E+220990]&#10;	Ordinal0 [0x00805CAC+220332]&#10;	Ordinal0 [0x0080189B+202907]&#10;	Ordinal0 [0x007E3DF4+81396]&#10;	Ordinal0 [0x007E4DEE+85486]&#10;	Ordinal0 [0x007E4D79+85369]&#10;	Ordinal0 [0x009F85DC+2262492]&#10;	GetHandleVerifier [0x00C82874+1487204]&#10;	GetHandleVerifier [0x00C823CD+1486013]&#10;	GetHandleVerifier [0x00C8A368+1518680]&#10;	GetHandleVerifier [0x00C82F4E+1488958]&#10;	Ordinal0 [0x009EED0D+2223373]&#10;	Ordinal0 [0x009FA12B+2269483]&#10;	Ordinal0 [0x009FA26F+2269807]&#10;	Ordinal0 [0x00A0ECB8+2354360]&#10;	BaseThreadInitThunk [0x750DF989+25]&#10;	RtlGetAppContainerNamedObjectPath [0x76FC7084+228]&#10;	RtlGetAppContainerNamedObjectPath [0x76FC7054+180]&#10;" type="org.openqa.selenium.SessionNotCreatedException"><![CDATA[org.openqa.selenium.SessionNotCreatedException: session not created: This version of ChromeDriver only supports Chrome version 87
Current browser version is 89.0.4389.90 with binary path C:\Program Files (x86)\Google\Chrome\Application\chrome.exe
Build info: version: '3.141.59', revision: 'e82be7d358', time: '2018-11-14T08:17:03'
System info: host: '441SN13', ip: '192.168.29.207', os.name: 'Windows 10', os.arch: 'amd64', os.version: '10.0', java.version: '1.8.0_271'
Driver info: driver.version: ChromeDriver
remote stacktrace: Backtrace:
	Ordinal0 [0x00AFC0C3+3326147]
	Ordinal0 [0x009E0851+2164817]
	Ordinal0 [0x00867298+619160]
	Ordinal0 [0x007E1D92+73106]
	Ordinal0 [0x007DE119+57625]
	Ordinal0 [0x007DC38A+50058]
	Ordinal0 [0x00805F3E+220990]
	Ordinal0 [0x00805CAC+220332]
	Ordinal0 [0x0080189B+202907]
	Ordinal0 [0x007E3DF4+81396]
	Ordinal0 [0x007E4DEE+85486]
	Ordinal0 [0x007E4D79+85369]
	Ordinal0 [0x009F85DC+2262492]
	GetHandleVerifier [0x00C82874+1487204]
	GetHandleVerifier [0x00C823CD+1486013]
	GetHandleVerifier [0x00C8A368+1518680]
	GetHandleVerifier [0x00C82F4E+1488958]
	Ordinal0 [0x009EED0D+2223373]
	Ordinal0 [0x009FA12B+2269483]
	Ordinal0 [0x009FA26F+2269807]
	Ordinal0 [0x00A0ECB8+2354360]
	BaseThreadInitThunk [0x750DF989+25]
	RtlGetAppContainerNamedObjectPath [0x76FC7084+228]
	RtlGetAppContainerNamedObjectPath [0x76FC7054+180]

	at sun.reflect.NativeConstructorAccessorImpl.newInstance0(Native Method)
	at sun.reflect.NativeConstructorAccessorImpl.newInstance(NativeConstructorAccessorImpl.java:62)
	at sun.reflect.DelegatingConstructorAccessorImpl.newInstance(DelegatingConstructorAccessorImpl.java:45)
	at java.lang.reflect.Constructor.newInstance(Constructor.java:423)
	at org.openqa.selenium.remote.W3CHandshakeResponse.lambda$errorHandler$0(W3CHandshakeResponse.java:62)
	at org.openqa.selenium.remote.HandshakeResponse.lambda$getResponseFunction$0(HandshakeResponse.java:30)
	at org.openqa.selenium.remote.ProtocolHandshake.lambda$createSession$0(ProtocolHandshake.java:126)
	at java.util.stream.ReferencePipeline$3$1.accept(ReferencePipeline.java:193)
	at java.util.Spliterators$ArraySpliterator.tryAdvance(Spliterators.java:958)
	at java.util.stream.ReferencePipeline.forEachWithCancel(ReferencePipeline.java:126)
	at java.util.stream.AbstractPipeline.copyIntoWithCancel(AbstractPipeline.java:499)
	at java.util.stream.AbstractPipeline.copyInto(AbstractPipeline.java:486)
	at java.util.stream.AbstractPipeline.wrapAndCopyInto(AbstractPipeline.java:472)
	at java.util.stream.FindOps$FindOp.evaluateSequential(FindOps.java:152)
	at java.util.stream.AbstractPipeline.evaluate(AbstractPipeline.java:234)
	at java.util.stream.ReferencePipeline.findFirst(ReferencePipeline.java:464)
	at org.openqa.selenium.remote.ProtocolHandshake.createSession(ProtocolHandshake.java:128)
	at org.openqa.selenium.remote.ProtocolHandshake.createSession(ProtocolHandshake.java:74)
	at org.openqa.selenium.remote.HttpCommandExecutor.execute(HttpCommandExecutor.java:136)
	at org.openqa.selenium.remote.service.DriverCommandExecutor.execute(DriverCommandExecutor.java:83)
	at org.openqa.selenium.remote.RemoteWebDriver.execute(RemoteWebDriver.java:552)
	at org.openqa.selenium.remote.RemoteWebDriver.startSession(RemoteWebDriver.java:213)
	at org.openqa.selenium.remote.RemoteWebDriver.<init>(RemoteWebDriver.java:131)
	at org.openqa.selenium.chrome.ChromeDriver.<init>(ChromeDriver.java:181)
	at org.openqa.selenium.chrome.ChromeDriver.<init>(ChromeDriver.java:168)
	at org.openqa.selenium.chrome.ChromeDriver.<init>(ChromeDriver.java:123)
	at one.globalenglish.testCases.BaseClass.setup(BaseClass.java:55)
	at sun.reflect.NativeMethodAccessorImpl.invoke0(Native Method)
	at sun.reflect.NativeMethodAccessorImpl.invoke(NativeMethodAccessorImpl.java:62)
	at sun.reflect.DelegatingMethodAccessorImpl.invoke(DelegatingMethodAccessorImpl.java:43)
	at java.lang.reflect.Method.invoke(Method.java:498)
	at org.testng.internal.MethodInvocationHelper.invokeMethod(MethodInvocationHelper.java:134)
	at org.testng.internal.MethodInvocationHelper.invokeMethodConsideringTimeout(MethodInvocationHelper.java:63)
	at org.testng.internal.ConfigInvoker.invokeConfigurationMethod(ConfigInvoker.java:348)
	at org.testng.internal.ConfigInvoker.invokeConfigurations(ConfigInvoker.java:302)
	at org.testng.internal.TestMethodWorker.invokeBeforeClassMethods(TestMethodWorker.java:176)
	at org.testng.internal.TestMethodWorker.run(TestMethodWorker.java:122)
	at java.util.ArrayList.forEach(ArrayList.java:1259)
	at org.testng.TestRunner.privateRun(TestRunner.java:766)
	at org.testng.TestRunner.run(TestRunner.java:587)
	at org.testng.SuiteRunner.runTest(SuiteRunner.java:384)
	at org.testng.SuiteRunner.runSequentially(SuiteRunner.java:378)
	at org.testng.SuiteRunner.privateRun(SuiteRunner.java:337)
	at org.testng.SuiteRunner.run(SuiteRunner.java:286)
	at org.testng.SuiteRunnerWorker.runSuite(SuiteRunnerWorker.java:53)
	at org.testng.SuiteRunnerWorker.run(SuiteRunnerWorker.java:96)
	at org.testng.TestNG.runSuitesSequentially(TestNG.java:1187)
	at org.testng.TestNG.runSuitesLocally(TestNG.java:1109)
	at org.testng.TestNG.runSuites(TestNG.java:1039)
	at org.testng.TestNG.run(TestNG.java:1007)
	at org.apache.maven.surefire.testng.TestNGExecutor.run(TestNGExecutor.java:295)
	at org.apache.maven.surefire.testng.TestNGXmlTestSuite.execute(TestNGXmlTestSuite.java:84)
	at org.apache.maven.surefire.testng.TestNGProvider.invoke(TestNGProvider.java:90)
	at org.apache.maven.surefire.booter.ForkedBooter.invokeProviderInSameClassLoader(ForkedBooter.java:203)
	at org.apache.maven.surefire.booter.ForkedBooter.runSuitesInProcess(ForkedBooter.java:155)
	at org.apache.maven.surefire.booter.ForkedBooter.main(ForkedBooter.java:103)
]]></failure>
    <system-err><![CDATA[Starting ChromeDriver 87.0.4280.88 (89e2380a3e36c3464b5dd1302349b1382549290d-refs/branch-heads/4280@{#1761}) on port 19931
Only local connections are allowed.
Please see https://chromedriver.chromium.org/security-considerations for suggestions on keeping ChromeDriver safe.
ChromeDriver was started successfully.
]]></system-err>
  </testcase>
  <testcase name="SystemCheckValidation" classname="one.globalenglish.testCases.TC_SystemCheck_010" time="0">
    <skipped/>
  </testcase>
  <testcase name="close" classname="one.globalenglish.testCases.TC_SystemCheck_010" time="0">
    <skipped/>
  </testcase>
  <testcase name="setup" classname="one.globalenglish.testCases.TC_GCTutorial_012" time="1.644">
    <failure message="session not created: This version of ChromeDriver only supports Chrome version 87&#10;Current browser version is 89.0.4389.90 with binary path C:\Program Files (x86)\Google\Chrome\Application\chrome.exe&#10;Build info: version: &apos;3.141.59&apos;, revision: &apos;e82be7d358&apos;, time: &apos;2018-11-14T08:17:03&apos;&#10;System info: host: &apos;441SN13&apos;, ip: &apos;192.168.29.207&apos;, os.name: &apos;Windows 10&apos;, os.arch: &apos;amd64&apos;, os.version: &apos;10.0&apos;, java.version: &apos;1.8.0_271&apos;&#10;Driver info: driver.version: ChromeDriver&#10;remote stacktrace: Backtrace:&#10;	Ordinal0 [0x00AFC0C3+3326147]&#10;	Ordinal0 [0x009E0851+2164817]&#10;	Ordinal0 [0x00867298+619160]&#10;	Ordinal0 [0x007E1D92+73106]&#10;	Ordinal0 [0x007DE119+57625]&#10;	Ordinal0 [0x007DC38A+50058]&#10;	Ordinal0 [0x00805F3E+220990]&#10;	Ordinal0 [0x00805CAC+220332]&#10;	Ordinal0 [0x0080189B+202907]&#10;	Ordinal0 [0x007E3DF4+81396]&#10;	Ordinal0 [0x007E4DEE+85486]&#10;	Ordinal0 [0x007E4D79+85369]&#10;	Ordinal0 [0x009F85DC+2262492]&#10;	GetHandleVerifier [0x00C82874+1487204]&#10;	GetHandleVerifier [0x00C823CD+1486013]&#10;	GetHandleVerifier [0x00C8A368+1518680]&#10;	GetHandleVerifier [0x00C82F4E+1488958]&#10;	Ordinal0 [0x009EED0D+2223373]&#10;	Ordinal0 [0x009FA12B+2269483]&#10;	Ordinal0 [0x009FA26F+2269807]&#10;	Ordinal0 [0x00A0ECB8+2354360]&#10;	BaseThreadInitThunk [0x750DF989+25]&#10;	RtlGetAppContainerNamedObjectPath [0x76FC7084+228]&#10;	RtlGetAppContainerNamedObjectPath [0x76FC7054+180]&#10;" type="org.openqa.selenium.SessionNotCreatedException"><![CDATA[org.openqa.selenium.SessionNotCreatedException: session not created: This version of ChromeDriver only supports Chrome version 87
Current browser version is 89.0.4389.90 with binary path C:\Program Files (x86)\Google\Chrome\Application\chrome.exe
Build info: version: '3.141.59', revision: 'e82be7d358', time: '2018-11-14T08:17:03'
System info: host: '441SN13', ip: '192.168.29.207', os.name: 'Windows 10', os.arch: 'amd64', os.version: '10.0', java.version: '1.8.0_271'
Driver info: driver.version: ChromeDriver
remote stacktrace: Backtrace:
	Ordinal0 [0x00AFC0C3+3326147]
	Ordinal0 [0x009E0851+2164817]
	Ordinal0 [0x00867298+619160]
	Ordinal0 [0x007E1D92+73106]
	Ordinal0 [0x007DE119+57625]
	Ordinal0 [0x007DC38A+50058]
	Ordinal0 [0x00805F3E+220990]
	Ordinal0 [0x00805CAC+220332]
	Ordinal0 [0x0080189B+202907]
	Ordinal0 [0x007E3DF4+81396]
	Ordinal0 [0x007E4DEE+85486]
	Ordinal0 [0x007E4D79+85369]
	Ordinal0 [0x009F85DC+2262492]
	GetHandleVerifier [0x00C82874+1487204]
	GetHandleVerifier [0x00C823CD+1486013]
	GetHandleVerifier [0x00C8A368+1518680]
	GetHandleVerifier [0x00C82F4E+1488958]
	Ordinal0 [0x009EED0D+2223373]
	Ordinal0 [0x009FA12B+2269483]
	Ordinal0 [0x009FA26F+2269807]
	Ordinal0 [0x00A0ECB8+2354360]
	BaseThreadInitThunk [0x750DF989+25]
	RtlGetAppContainerNamedObjectPath [0x76FC7084+228]
	RtlGetAppContainerNamedObjectPath [0x76FC7054+180]

	at sun.reflect.NativeConstructorAccessorImpl.newInstance0(Native Method)
	at sun.reflect.NativeConstructorAccessorImpl.newInstance(NativeConstructorAccessorImpl.java:62)
	at sun.reflect.DelegatingConstructorAccessorImpl.newInstance(DelegatingConstructorAccessorImpl.java:45)
	at java.lang.reflect.Constructor.newInstance(Constructor.java:423)
	at org.openqa.selenium.remote.W3CHandshakeResponse.lambda$errorHandler$0(W3CHandshakeResponse.java:62)
	at org.openqa.selenium.remote.HandshakeResponse.lambda$getResponseFunction$0(HandshakeResponse.java:30)
	at org.openqa.selenium.remote.ProtocolHandshake.lambda$createSession$0(ProtocolHandshake.java:126)
	at java.util.stream.ReferencePipeline$3$1.accept(ReferencePipeline.java:193)
	at java.util.Spliterators$ArraySpliterator.tryAdvance(Spliterators.java:958)
	at java.util.stream.ReferencePipeline.forEachWithCancel(ReferencePipeline.java:126)
	at java.util.stream.AbstractPipeline.copyIntoWithCancel(AbstractPipeline.java:499)
	at java.util.stream.AbstractPipeline.copyInto(AbstractPipeline.java:486)
	at java.util.stream.AbstractPipeline.wrapAndCopyInto(AbstractPipeline.java:472)
	at java.util.stream.FindOps$FindOp.evaluateSequential(FindOps.java:152)
	at java.util.stream.AbstractPipeline.evaluate(AbstractPipeline.java:234)
	at java.util.stream.ReferencePipeline.findFirst(ReferencePipeline.java:464)
	at org.openqa.selenium.remote.ProtocolHandshake.createSession(ProtocolHandshake.java:128)
	at org.openqa.selenium.remote.ProtocolHandshake.createSession(ProtocolHandshake.java:74)
	at org.openqa.selenium.remote.HttpCommandExecutor.execute(HttpCommandExecutor.java:136)
	at org.openqa.selenium.remote.service.DriverCommandExecutor.execute(DriverCommandExecutor.java:83)
	at org.openqa.selenium.remote.RemoteWebDriver.execute(RemoteWebDriver.java:552)
	at org.openqa.selenium.remote.RemoteWebDriver.startSession(RemoteWebDriver.java:213)
	at org.openqa.selenium.remote.RemoteWebDriver.<init>(RemoteWebDriver.java:131)
	at org.openqa.selenium.chrome.ChromeDriver.<init>(ChromeDriver.java:181)
	at org.openqa.selenium.chrome.ChromeDriver.<init>(ChromeDriver.java:168)
	at org.openqa.selenium.chrome.ChromeDriver.<init>(ChromeDriver.java:123)
	at one.globalenglish.testCases.BaseClass.setup(BaseClass.java:55)
	at sun.reflect.NativeMethodAccessorImpl.invoke0(Native Method)
	at sun.reflect.NativeMethodAccessorImpl.invoke(NativeMethodAccessorImpl.java:62)
	at sun.reflect.DelegatingMethodAccessorImpl.invoke(DelegatingMethodAccessorImpl.java:43)
	at java.lang.reflect.Method.invoke(Method.java:498)
	at org.testng.internal.MethodInvocationHelper.invokeMethod(MethodInvocationHelper.java:134)
	at org.testng.internal.MethodInvocationHelper.invokeMethodConsideringTimeout(MethodInvocationHelper.java:63)
	at org.testng.internal.ConfigInvoker.invokeConfigurationMethod(ConfigInvoker.java:348)
	at org.testng.internal.ConfigInvoker.invokeConfigurations(ConfigInvoker.java:302)
	at org.testng.internal.TestMethodWorker.invokeBeforeClassMethods(TestMethodWorker.java:176)
	at org.testng.internal.TestMethodWorker.run(TestMethodWorker.java:122)
	at java.util.ArrayList.forEach(ArrayList.java:1259)
	at org.testng.TestRunner.privateRun(TestRunner.java:766)
	at org.testng.TestRunner.run(TestRunner.java:587)
	at org.testng.SuiteRunner.runTest(SuiteRunner.java:384)
	at org.testng.SuiteRunner.runSequentially(SuiteRunner.java:378)
	at org.testng.SuiteRunner.privateRun(SuiteRunner.java:337)
	at org.testng.SuiteRunner.run(SuiteRunner.java:286)
	at org.testng.SuiteRunnerWorker.runSuite(SuiteRunnerWorker.java:53)
	at org.testng.SuiteRunnerWorker.run(SuiteRunnerWorker.java:96)
	at org.testng.TestNG.runSuitesSequentially(TestNG.java:1187)
	at org.testng.TestNG.runSuitesLocally(TestNG.java:1109)
	at org.testng.TestNG.runSuites(TestNG.java:1039)
	at org.testng.TestNG.run(TestNG.java:1007)
	at org.apache.maven.surefire.testng.TestNGExecutor.run(TestNGExecutor.java:295)
	at org.apache.maven.surefire.testng.TestNGXmlTestSuite.execute(TestNGXmlTestSuite.java:84)
	at org.apache.maven.surefire.testng.TestNGProvider.invoke(TestNGProvider.java:90)
	at org.apache.maven.surefire.booter.ForkedBooter.invokeProviderInSameClassLoader(ForkedBooter.java:203)
	at org.apache.maven.surefire.booter.ForkedBooter.runSuitesInProcess(ForkedBooter.java:155)
	at org.apache.maven.surefire.booter.ForkedBooter.main(ForkedBooter.java:103)
]]></failure>
    <system-err><![CDATA[Starting ChromeDriver 87.0.4280.88 (89e2380a3e36c3464b5dd1302349b1382549290d-refs/branch-heads/4280@{#1761}) on port 18044
Only local connections are allowed.
Please see https://chromedriver.chromium.org/security-considerations for suggestions on keeping ChromeDriver safe.
ChromeDriver was started successfully.
]]></system-err>
  </testcase>
  <testcase name="GCTutorial" classname="one.globalenglish.testCases.TC_GCTutorial_012" time="0">
    <skipped/>
  </testcase>
  <testcase name="GCTutorial1" classname="one.globalenglish.testCases.TC_GCTutorial_012" time="0">
    <skipped/>
  </testcase>
  <testcase name="close" classname="one.globalenglish.testCases.TC_GCTutorial_012" time="0">
    <skipped/>
  </testcase>
</testsuite>