<?xml version="1.0" encoding="UTF-8"?>
<testng-results skipped="0" failed="0" ignored="0" total="14" passed="14">
  <reporter-output>
  </reporter-output>
  <suite name="Suite" duration-ms="353257" started-at="2021-05-30T20:48:13 IST" finished-at="2021-05-30T20:54:06 IST">
    <groups>
    </groups>
    <test name="Test" duration-ms="353257" started-at="2021-05-30T20:48:13 IST" finished-at="2021-05-30T20:54:06 IST">
      <class name="one.globalenglish.testCases.TC_Home_011">
        <test-method status="PASS" signature="setup(java.lang.String)[pri:0, instance:one.globalenglish.testCases.TC_Home_011@4b553d26]" name="setup" is-config="true" duration-ms="3321" started-at="2021-05-30T20:53:49 IST" finished-at="2021-05-30T20:53:52 IST">
          <params>
            <param index="0">
              <value>
                <![CDATA[chrome]]>
              </value>
            </param>
          </params>
          <reporter-output>
          </reporter-output>
        </test-method> <!-- setup -->
        <test-method status="PASS" signature="HomeLinks()[pri:0, instance:one.globalenglish.testCases.TC_Home_011@4b553d26]" name="HomeLinks" duration-ms="13736" started-at="2021-05-30T20:53:52 IST" finished-at="2021-05-30T20:54:06 IST">
          <reporter-output>
          </reporter-output>
        </test-method> <!-- HomeLinks -->
        <test-method status="PASS" signature="close()[pri:0, instance:one.globalenglish.testCases.TC_Home_011@4b553d26]" name="close" is-config="true" duration-ms="757" started-at="2021-05-30T20:54:06 IST" finished-at="2021-05-30T20:54:06 IST">
          <reporter-output>
          </reporter-output>
        </test-method> <!-- close -->
      </class> <!-- one.globalenglish.testCases.TC_Home_011 -->
      <class name="one.globalenglish.testCases.TC_Progress_009">
        <test-method status="PASS" signature="setup(java.lang.String)[pri:0, instance:one.globalenglish.testCases.TC_Progress_009@80503]" name="setup" is-config="true" duration-ms="2743" started-at="2021-05-30T20:53:25 IST" finished-at="2021-05-30T20:53:28 IST">
          <params>
            <param index="0">
              <value>
                <![CDATA[chrome]]>
              </value>
            </param>
          </params>
          <reporter-output>
          </reporter-output>
        </test-method> <!-- setup -->
        <test-method status="PASS" signature="OpenProgresslinks()[pri:0, instance:one.globalenglish.testCases.TC_Progress_009@80503]" name="OpenProgresslinks" duration-ms="19736" started-at="2021-05-30T20:53:28 IST" finished-at="2021-05-30T20:53:48 IST">
          <reporter-output>
          </reporter-output>
        </test-method> <!-- OpenProgresslinks -->
        <test-method status="PASS" signature="close()[pri:0, instance:one.globalenglish.testCases.TC_Progress_009@80503]" name="close" is-config="true" duration-ms="658" started-at="2021-05-30T20:53:48 IST" finished-at="2021-05-30T20:53:49 IST">
          <reporter-output>
          </reporter-output>
        </test-method> <!-- close -->
      </class> <!-- one.globalenglish.testCases.TC_Progress_009 -->
      <class name="one.globalenglish.testCases.TC_GCTutorial_012">
        <test-method status="PASS" signature="setup(java.lang.String)[pri:0, instance:one.globalenglish.testCases.TC_GCTutorial_012@78e67e0a]" name="setup" is-config="true" duration-ms="2999" started-at="2021-05-30T20:51:51 IST" finished-at="2021-05-30T20:51:54 IST">
          <params>
            <param index="0">
              <value>
                <![CDATA[chrome]]>
              </value>
            </param>
          </params>
          <reporter-output>
          </reporter-output>
        </test-method> <!-- setup -->
        <test-method status="PASS" signature="GCTutorial()[pri:0, instance:one.globalenglish.testCases.TC_GCTutorial_012@78e67e0a]" name="GCTutorial" duration-ms="37773" started-at="2021-05-30T20:51:54 IST" finished-at="2021-05-30T20:52:32 IST">
          <reporter-output>
          </reporter-output>
        </test-method> <!-- GCTutorial -->
        <test-method status="PASS" signature="GCTutorial1()[pri:0, instance:one.globalenglish.testCases.TC_GCTutorial_012@78e67e0a]" name="GCTutorial1" duration-ms="1769" started-at="2021-05-30T20:52:32 IST" finished-at="2021-05-30T20:52:33 IST">
          <reporter-output>
          </reporter-output>
        </test-method> <!-- GCTutorial1 -->
        <test-method status="PASS" signature="close()[pri:0, instance:one.globalenglish.testCases.TC_GCTutorial_012@78e67e0a]" name="close" is-config="true" duration-ms="687" started-at="2021-05-30T20:52:33 IST" finished-at="2021-05-30T20:52:34 IST">
          <reporter-output>
          </reporter-output>
        </test-method> <!-- close -->
      </class> <!-- one.globalenglish.testCases.TC_GCTutorial_012 -->
      <class name="one.globalenglish.testCases.TC_Accent_003">
        <test-method status="PASS" signature="setup(java.lang.String)[pri:0, instance:one.globalenglish.testCases.TC_Accent_003@7a765367]" name="setup" is-config="true" duration-ms="2514" started-at="2021-05-30T20:49:48 IST" finished-at="2021-05-30T20:49:51 IST">
          <params>
            <param index="0">
              <value>
                <![CDATA[chrome]]>
              </value>
            </param>
          </params>
          <reporter-output>
          </reporter-output>
        </test-method> <!-- setup -->
        <test-method status="PASS" signature="accent()[pri:0, instance:one.globalenglish.testCases.TC_Accent_003@7a765367]" name="accent" duration-ms="24142" started-at="2021-05-30T20:49:51 IST" finished-at="2021-05-30T20:50:15 IST">
          <reporter-output>
          </reporter-output>
        </test-method> <!-- accent -->
        <test-method status="PASS" signature="close()[pri:0, instance:one.globalenglish.testCases.TC_Accent_003@7a765367]" name="close" is-config="true" duration-ms="672" started-at="2021-05-30T20:50:15 IST" finished-at="2021-05-30T20:50:15 IST">
          <reporter-output>
          </reporter-output>
        </test-method> <!-- close -->
      </class> <!-- one.globalenglish.testCases.TC_Accent_003 -->
      <class name="one.globalenglish.testCases.TC_EmailTemplate_005">
        <test-method status="PASS" signature="setup(java.lang.String)[pri:0, instance:one.globalenglish.testCases.TC_EmailTemplate_005@17d677df]" name="setup" is-config="true" duration-ms="3239" started-at="2021-05-30T20:50:48 IST" finished-at="2021-05-30T20:50:51 IST">
          <params>
            <param index="0">
              <value>
                <![CDATA[chrome]]>
              </value>
            </param>
          </params>
          <reporter-output>
          </reporter-output>
        </test-method> <!-- setup -->
        <test-method status="PASS" signature="EmailTempValidation()[pri:0, instance:one.globalenglish.testCases.TC_EmailTemplate_005@17d677df]" name="EmailTempValidation" duration-ms="18836" started-at="2021-05-30T20:50:51 IST" finished-at="2021-05-30T20:51:10 IST">
          <reporter-output>
          </reporter-output>
        </test-method> <!-- EmailTempValidation -->
        <test-method status="PASS" signature="close()[pri:0, instance:one.globalenglish.testCases.TC_EmailTemplate_005@17d677df]" name="close" is-config="true" duration-ms="697" started-at="2021-05-30T20:51:10 IST" finished-at="2021-05-30T20:51:11 IST">
          <reporter-output>
          </reporter-output>
        </test-method> <!-- close -->
      </class> <!-- one.globalenglish.testCases.TC_EmailTemplate_005 -->
      <class name="one.globalenglish.testCases.TC_Stress_008">
        <test-method status="PASS" signature="setup(java.lang.String)[pri:0, instance:one.globalenglish.testCases.TC_Stress_008@2f943d71]" name="setup" is-config="true" duration-ms="2812" started-at="2021-05-30T20:52:55 IST" finished-at="2021-05-30T20:52:58 IST">
          <params>
            <param index="0">
              <value>
                <![CDATA[chrome]]>
              </value>
            </param>
          </params>
          <reporter-output>
          </reporter-output>
        </test-method> <!-- setup -->
        <test-method status="PASS" signature="response()[pri:0, instance:one.globalenglish.testCases.TC_Stress_008@2f943d71]" name="response" duration-ms="26962" started-at="2021-05-30T20:52:58 IST" finished-at="2021-05-30T20:53:25 IST">
          <reporter-output>
          </reporter-output>
        </test-method> <!-- response -->
        <test-method status="PASS" signature="close()[pri:0, instance:one.globalenglish.testCases.TC_Stress_008@2f943d71]" name="close" is-config="true" duration-ms="656" started-at="2021-05-30T20:53:25 IST" finished-at="2021-05-30T20:53:25 IST">
          <reporter-output>
          </reporter-output>
        </test-method> <!-- close -->
      </class> <!-- one.globalenglish.testCases.TC_Stress_008 -->
      <class name="one.globalenglish.testCases.TC_NewsFeed_006">
        <test-method status="PASS" signature="setup(java.lang.String)[pri:0, instance:one.globalenglish.testCases.TC_NewsFeed_006@3043fe0e]" name="setup" is-config="true" duration-ms="4572" started-at="2021-05-30T20:51:11 IST" finished-at="2021-05-30T20:51:15 IST">
          <params>
            <param index="0">
              <value>
                <![CDATA[chrome]]>
              </value>
            </param>
          </params>
          <reporter-output>
          </reporter-output>
        </test-method> <!-- setup -->
        <test-method status="PASS" signature="NewsFeedValidation1()[pri:0, instance:one.globalenglish.testCases.TC_NewsFeed_006@3043fe0e]" name="NewsFeedValidation1" duration-ms="35140" started-at="2021-05-30T20:51:15 IST" finished-at="2021-05-30T20:51:50 IST">
          <reporter-output>
          </reporter-output>
        </test-method> <!-- NewsFeedValidation1 -->
        <test-method status="PASS" signature="close()[pri:0, instance:one.globalenglish.testCases.TC_NewsFeed_006@3043fe0e]" name="close" is-config="true" duration-ms="707" started-at="2021-05-30T20:51:50 IST" finished-at="2021-05-30T20:51:51 IST">
          <reporter-output>
          </reporter-output>
        </test-method> <!-- close -->
      </class> <!-- one.globalenglish.testCases.TC_NewsFeed_006 -->
      <class name="one.globalenglish.testCases.TC_Profile_007">
        <test-method status="PASS" signature="setup(java.lang.String)[pri:0, instance:one.globalenglish.testCases.TC_Profile_007@bd8db5a]" name="setup" is-config="true" duration-ms="2728" started-at="2021-05-30T20:52:34 IST" finished-at="2021-05-30T20:52:37 IST">
          <params>
            <param index="0">
              <value>
                <![CDATA[chrome]]>
              </value>
            </param>
          </params>
          <reporter-output>
          </reporter-output>
        </test-method> <!-- setup -->
        <test-method status="PASS" signature="ProfileValidation()[pri:0, instance:one.globalenglish.testCases.TC_Profile_007@bd8db5a]" name="ProfileValidation" duration-ms="17345" started-at="2021-05-30T20:52:37 IST" finished-at="2021-05-30T20:52:54 IST">
          <reporter-output>
          </reporter-output>
        </test-method> <!-- ProfileValidation -->
        <test-method status="PASS" signature="close()[pri:0, instance:one.globalenglish.testCases.TC_Profile_007@bd8db5a]" name="close" is-config="true" duration-ms="719" started-at="2021-05-30T20:52:54 IST" finished-at="2021-05-30T20:52:55 IST">
          <reporter-output>
          </reporter-output>
        </test-method> <!-- close -->
      </class> <!-- one.globalenglish.testCases.TC_Profile_007 -->
      <class name="one.globalenglish.testCases.TC_Culture_004">
        <test-method status="PASS" signature="setup(java.lang.String)[pri:0, instance:one.globalenglish.testCases.TC_Culture_004@76b0bfab]" name="setup" is-config="true" duration-ms="2784" started-at="2021-05-30T20:50:15 IST" finished-at="2021-05-30T20:50:18 IST">
          <params>
            <param index="0">
              <value>
                <![CDATA[chrome]]>
              </value>
            </param>
          </params>
          <reporter-output>
          </reporter-output>
        </test-method> <!-- setup -->
        <test-method status="PASS" signature="Cultures()[pri:0, instance:one.globalenglish.testCases.TC_Culture_004@76b0bfab]" name="Cultures" duration-ms="28812" started-at="2021-05-30T20:50:18 IST" finished-at="2021-05-30T20:50:47 IST">
          <reporter-output>
          </reporter-output>
        </test-method> <!-- Cultures -->
        <test-method status="PASS" signature="close()[pri:0, instance:one.globalenglish.testCases.TC_Culture_004@76b0bfab]" name="close" is-config="true" duration-ms="651" started-at="2021-05-30T20:50:47 IST" finished-at="2021-05-30T20:50:48 IST">
          <reporter-output>
          </reporter-output>
        </test-method> <!-- close -->
      </class> <!-- one.globalenglish.testCases.TC_Culture_004 -->
      <class name="one.globalenglish.testCases.TC_LoginTestDDT_002">
        <test-method status="PASS" signature="setup(java.lang.String)[pri:0, instance:one.globalenglish.testCases.TC_LoginTestDDT_002@52feb982]" name="setup" is-config="true" duration-ms="3510" started-at="2021-05-30T20:48:13 IST" finished-at="2021-05-30T20:48:17 IST">
          <params>
            <param index="0">
              <value>
                <![CDATA[chrome]]>
              </value>
            </param>
          </params>
          <reporter-output>
          </reporter-output>
        </test-method> <!-- setup -->
        <test-method status="PASS" signature="login(java.lang.String, java.lang.String)[pri:0, instance:one.globalenglish.testCases.TC_LoginTestDDT_002@52feb982]" name="login" duration-ms="24609" started-at="2021-05-30T20:48:18 IST" data-provider="LoginData" finished-at="2021-05-30T20:48:42 IST">
          <params>
            <param index="0">
              <value>
                <![CDATA[arun.joseph@learnship.com]]>
              </value>
            </param>
            <param index="1">
              <value>
                <![CDATA[Airtel@123]]>
              </value>
            </param>
          </params>
          <reporter-output>
          </reporter-output>
        </test-method> <!-- login -->
        <test-method status="PASS" signature="login(java.lang.String, java.lang.String)[pri:0, instance:one.globalenglish.testCases.TC_LoginTestDDT_002@52feb982]" name="login" duration-ms="19874" started-at="2021-05-30T20:48:42 IST" data-provider="LoginData" finished-at="2021-05-30T20:49:02 IST">
          <params>
            <param index="0">
              <value>
                <![CDATA[arun.joseph@learnship.com]]>
              </value>
            </param>
            <param index="1">
              <value>
                <![CDATA[Airtel@123]]>
              </value>
            </param>
          </params>
          <reporter-output>
          </reporter-output>
        </test-method> <!-- login -->
        <test-method status="PASS" signature="login(java.lang.String, java.lang.String)[pri:0, instance:one.globalenglish.testCases.TC_LoginTestDDT_002@52feb982]" name="login" duration-ms="22392" started-at="2021-05-30T20:49:02 IST" data-provider="LoginData" finished-at="2021-05-30T20:49:25 IST">
          <params>
            <param index="0">
              <value>
                <![CDATA[arun.joseph@learnship.com]]>
              </value>
            </param>
            <param index="1">
              <value>
                <![CDATA[Airtel@123]]>
              </value>
            </param>
          </params>
          <reporter-output>
          </reporter-output>
        </test-method> <!-- login -->
        <test-method status="PASS" signature="login(java.lang.String, java.lang.String)[pri:0, instance:one.globalenglish.testCases.TC_LoginTestDDT_002@52feb982]" name="login" duration-ms="22755" started-at="2021-05-30T20:49:25 IST" data-provider="LoginData" finished-at="2021-05-30T20:49:47 IST">
          <params>
            <param index="0">
              <value>
                <![CDATA[arun.joseph@learnship.com]]>
              </value>
            </param>
            <param index="1">
              <value>
                <![CDATA[Airtel@123]]>
              </value>
            </param>
          </params>
          <reporter-output>
          </reporter-output>
        </test-method> <!-- login -->
        <test-method status="PASS" signature="close()[pri:0, instance:one.globalenglish.testCases.TC_LoginTestDDT_002@52feb982]" name="close" is-config="true" duration-ms="678" started-at="2021-05-30T20:49:47 IST" finished-at="2021-05-30T20:49:48 IST">
          <reporter-output>
          </reporter-output>
        </test-method> <!-- close -->
      </class> <!-- one.globalenglish.testCases.TC_LoginTestDDT_002 -->
    </test> <!-- Test -->
  </suite> <!-- Suite -->
</testng-results>
