<?xml version="1.0" encoding="UTF-8"?>
<testng-results skipped="0" failed="0" ignored="0" total="2" passed="2">
  <reporter-output>
  </reporter-output>
  <suite name="Suite" duration-ms="41637" started-at="2021-03-13T18:45:00 IST" finished-at="2021-03-13T18:45:42 IST">
    <groups>
    </groups>
    <test name="Test" duration-ms="41637" started-at="2021-03-13T18:45:00 IST" finished-at="2021-03-13T18:45:42 IST">
      <class name="one.globalenglish.testCases.TC_GCTutorial_012">
        <test-method status="PASS" signature="setup(java.lang.String)[pri:0, instance:one.globalenglish.testCases.TC_GCTutorial_012@1b68ddbd]" name="setup" is-config="true" duration-ms="6874" started-at="2021-03-13T18:45:01 IST" finished-at="2021-03-13T18:45:07 IST">
          <params>
            <param index="0">
              <value>
                <![CDATA[chrome]]>
              </value>
            </param>
          </params>
          <reporter-output>
          </reporter-output>
        </test-method> <!-- setup -->
        <test-method status="PASS" signature="GCTutorial()[pri:0, instance:one.globalenglish.testCases.TC_GCTutorial_012@1b68ddbd]" name="GCTutorial" duration-ms="31809" started-at="2021-03-13T18:45:07 IST" finished-at="2021-03-13T18:45:39 IST">
          <reporter-output>
          </reporter-output>
        </test-method> <!-- GCTutorial -->
        <test-method status="PASS" signature="GCTutorial1()[pri:0, instance:one.globalenglish.testCases.TC_GCTutorial_012@1b68ddbd]" name="GCTutorial1" duration-ms="2048" started-at="2021-03-13T18:45:39 IST" finished-at="2021-03-13T18:45:41 IST">
          <reporter-output>
          </reporter-output>
        </test-method> <!-- GCTutorial1 -->
        <test-method status="PASS" signature="close()[pri:0, instance:one.globalenglish.testCases.TC_GCTutorial_012@1b68ddbd]" name="close" is-config="true" duration-ms="758" started-at="2021-03-13T18:45:41 IST" finished-at="2021-03-13T18:45:42 IST">
          <reporter-output>
          </reporter-output>
        </test-method> <!-- close -->
      </class> <!-- one.globalenglish.testCases.TC_GCTutorial_012 -->
    </test> <!-- Test -->
  </suite> <!-- Suite -->
</testng-results>
